# JRE version: Java(TM) SE Runtime Environment (11.0.5+10) (build 11.0.5+10-LTS)
# Java VM: Java HotSpot(TM) 64-Bit Server VM (11.0.5+10-LTS, mixed mode, tiered, compressed oops, g1 gc, windows-amd64)
Heap:
 garbage-first heap   total 65536K, used 9198K [0x00000000c1e00000, 0x0000000100000000)
  region size 1024K, 2 young (2048K), 2 survivors (2048K)
 Metaspace       used 23882K, capacity 24918K, committed 25088K, reserved 1071104K
  class space    used 3151K, capacity 3560K, committed 3584K, reserved 1048576K
GC Heap History (10 events):
Event: 2.273 GC heap before
{Heap before GC invocations=0 (full 0):
 garbage-first heap   total 65536K, used 6144K [0x00000000c1e00000, 0x0000000100000000)
  region size 1024K, 7 young (7168K), 0 survivors (0K)
 Metaspace       used 6588K, capacity 6672K, committed 6784K, reserved 1056768K
  class space    used 596K, capacity 626K, committed 640K, reserved 1048576K
}
Event: 2.286 GC heap after
{Heap after GC invocations=1 (full 0):
 garbage-first heap   total 65536K, used 1331K [0x00000000c1e00000, 0x0000000100000000)
  region size 1024K, 1 young (1024K), 1 survivors (1024K)
 Metaspace       used 6588K, capacity 6672K, committed 6784K, reserved 1056768K
  class space    used 596K, capacity 626K, committed 640K, reserved 1048576K
}
Event: 9.793 GC heap before
{Heap before GC invocations=1 (full 0):
 garbage-first heap   total 65536K, used 38195K [0x00000000c1e00000, 0x0000000100000000)
  region size 1024K, 38 young (38912K), 1 survivors (1024K)
 Metaspace       used 19786K, capacity 20397K, committed 20608K, reserved 1067008K
  class space    used 2382K, capacity 2629K, committed 2688K, reserved 1048576K
}
Event: 9.826 GC heap after
{Heap after GC invocations=2 (full 0):
 garbage-first heap   total 65536K, used 8023K [0x00000000c1e00000, 0x0000000100000000)
  region size 1024K, 5 young (5120K), 5 survivors (5120K)
 Metaspace       used 19786K, capacity 20397K, committed 20608K, reserved 1067008K
  class space    used 2382K, capacity 2629K, committed 2688K, reserved 1048576K
}
Event: 10.062 GC heap before
{Heap before GC invocations=2 (full 0):
 garbage-first heap   total 65536K, used 10071K [0x00000000c1e00000, 0x0000000100000000)
  region size 1024K, 7 young (7168K), 5 survivors (5120K)
 Metaspace       used 20277K, capacity 20881K, committed 20992K, reserved 1067008K
  class space    used 2461K, capacity 2718K, committed 2816K, reserved 1048576K
}
Event: 10.082 GC heap after
{Heap after GC invocations=3 (full 0):
 garbage-first heap   total 65536K, used 8344K [0x00000000c1e00000, 0x0000000100000000)
  region size 1024K, 1 young (1024K), 1 survivors (1024K)
 Metaspace       used 20277K, capacity 20881K, committed 20992K, reserved 1067008K
  class space    used 2461K, capacity 2718K, committed 2816K, reserved 1048576K
}
Event: 10.370 GC heap before
{Heap before GC invocations=3 (full 0):
 garbage-first heap   total 65536K, used 10392K [0x00000000c1e00000, 0x0000000100000000)
  region size 1024K, 4 young (4096K), 1 survivors (1024K)
 Metaspace       used 20566K, capacity 21173K, committed 21248K, reserved 1067008K
  class space    used 2482K, capacity 2751K, committed 2816K, reserved 1048576K
}
Event: 10.378 GC heap after
{Heap after GC invocations=4 (full 0):
 garbage-first heap   total 65536K, used 8412K [0x00000000c1e00000, 0x0000000100000000)
  region size 1024K, 1 young (1024K), 1 survivors (1024K)
 Metaspace       used 20566K, capacity 21173K, committed 21248K, reserved 1067008K
  class space    used 2482K, capacity 2751K, committed 2816K, reserved 1048576K
}
Event: 12.513 GC heap before
{Heap before GC invocations=5 (full 0):
 garbage-first heap   total 65536K, used 21724K [0x00000000c1e00000, 0x0000000100000000)
  region size 1024K, 15 young (15360K), 1 survivors (1024K)
 Metaspace       used 23882K, capacity 24918K, committed 25088K, reserved 1071104K
  class space    used 3151K, capacity 3560K, committed 3584K, reserved 1048576K
}
Event: 12.523 GC heap after
{Heap after GC invocations=6 (full 0):
 garbage-first heap   total 65536K, used 9198K [0x00000000c1e00000, 0x0000000100000000)
  region size 1024K, 2 young (2048K), 2 survivors (2048K)
 Metaspace       used 23882K, capacity 24918K, committed 25088K, reserved 1071104K
  class space    used 3151K, capacity 3560K, committed 3584K, reserved 1048576K
}

