# JRE version: Java(TM) SE Runtime Environment (11.0.5+10) (build 11.0.5+10-LTS)
# Java VM: Java HotSpot(TM) 64-Bit Server VM (11.0.5+10-LTS, mixed mode, tiered, compressed oops, g1 gc, windows-amd64)
Heap:
 garbage-first heap   total 262144K, used 65925K [0x00000000e0000000, 0x0000000100000000)
  region size 1024K, 46 young (47104K), 9 survivors (9216K)
 Metaspace       used 50050K, capacity 51087K, committed 51328K, reserved 299008K
  class space    used 6565K, capacity 6968K, committed 7040K, reserved 253952K
GC Heap History (10 events):
Event: 9.309 GC heap before
{Heap before GC invocations=4 (full 0):
 garbage-first heap   total 262144K, used 62011K [0x00000000e0000000, 0x0000000100000000)
  region size 1024K, 52 young (53248K), 3 survivors (3072K)
 Metaspace       used 20766K, capacity 21208K, committed 21248K, reserved 272384K
  class space    used 2593K, capacity 2783K, committed 2816K, reserved 253952K
}
Event: 9.331 GC heap after
{Heap after GC invocations=5 (full 0):
 garbage-first heap   total 262144K, used 16113K [0x00000000e0000000, 0x0000000100000000)
  region size 1024K, 7 young (7168K), 7 survivors (7168K)
 Metaspace       used 20766K, capacity 21208K, committed 21248K, reserved 272384K
  class space    used 2593K, capacity 2783K, committed 2816K, reserved 253952K
}
Event: 15.070 GC heap before
{Heap before GC invocations=6 (full 0):
 garbage-first heap   total 262144K, used 68337K [0x00000000e0000000, 0x0000000100000000)
  region size 1024K, 59 young (60416K), 7 survivors (7168K)
 Metaspace       used 30766K, capacity 31334K, committed 31616K, reserved 282624K
  class space    used 3886K, capacity 4102K, committed 4224K, reserved 253952K
}
Event: 15.113 GC heap after
{Heap after GC invocations=7 (full 0):
 garbage-first heap   total 262144K, used 20014K [0x00000000e0000000, 0x0000000100000000)
  region size 1024K, 7 young (7168K), 7 survivors (7168K)
 Metaspace       used 30766K, capacity 31334K, committed 31616K, reserved 282624K
  class space    used 3886K, capacity 4102K, committed 4224K, reserved 253952K
}
Event: 17.490 GC heap before
{Heap before GC invocations=7 (full 0):
 garbage-first heap   total 262144K, used 51758K [0x00000000e0000000, 0x0000000100000000)
  region size 1024K, 37 young (37888K), 7 survivors (7168K)
 Metaspace       used 35156K, capacity 35692K, committed 35840K, reserved 286720K
  class space    used 4401K, capacity 4611K, committed 4736K, reserved 253952K
}
Event: 17.527 GC heap after
{Heap after GC invocations=8 (full 0):
 garbage-first heap   total 262144K, used 21265K [0x00000000e0000000, 0x0000000100000000)
  region size 1024K, 6 young (6144K), 6 survivors (6144K)
 Metaspace       used 35156K, capacity 35692K, committed 35840K, reserved 286720K
  class space    used 4401K, capacity 4611K, committed 4736K, reserved 253952K
}
Event: 20.226 GC heap before
{Heap before GC invocations=9 (full 0):
 garbage-first heap   total 262144K, used 72465K [0x00000000e0000000, 0x0000000100000000)
  region size 1024K, 57 young (58368K), 6 survivors (6144K)
 Metaspace       used 40190K, capacity 40743K, committed 40960K, reserved 290816K
  class space    used 5146K, capacity 5354K, committed 5376K, reserved 253952K
}
Event: 20.266 GC heap after
{Heap after GC invocations=10 (full 0):
 garbage-first heap   total 262144K, used 22982K [0x00000000e0000000, 0x0000000100000000)
  region size 1024K, 3 young (3072K), 3 survivors (3072K)
 Metaspace       used 40190K, capacity 40743K, committed 40960K, reserved 290816K
  class space    used 5146K, capacity 5354K, committed 5376K, reserved 253952K
}
Event: 27.831 GC heap before
{Heap before GC invocations=10 (full 0):
 garbage-first heap   total 262144K, used 104902K [0x00000000e0000000, 0x0000000100000000)
  region size 1024K, 83 young (84992K), 3 survivors (3072K)
 Metaspace       used 46471K, capacity 47447K, committed 47744K, reserved 296960K
  class space    used 6105K, capacity 6460K, committed 6528K, reserved 253952K
}
Event: 27.890 GC heap after
{Heap after GC invocations=11 (full 0):
 garbage-first heap   total 262144K, used 29061K [0x00000000e0000000, 0x0000000100000000)
  region size 1024K, 9 young (9216K), 9 survivors (9216K)
 Metaspace       used 46471K, capacity 47447K, committed 47744K, reserved 296960K
  class space    used 6105K, capacity 6460K, committed 6528K, reserved 253952K
}

