<?xml version="1.0" encoding="UTF-8"?>
<testsuite name="ca.mcgill.ecse223.quoridor.features.CucumberTestsRunner" tests="74" skipped="0" failures="74" errors="0" timestamp="2019-10-13T17:21:49" hostname="DESKTOP-0M3R4R9" time="0.368">
  <properties/>
  <testcase name="Valid wall placement" classname="ca.mcgill.ecse223.quoridor.features.CucumberTestsRunner" time="0.031">
    <failure message="java.lang.UnsupportedOperationException: Not yet implemented" type="java.lang.UnsupportedOperationException">java.lang.UnsupportedOperationException: Not yet implemented
	at ca.mcgill.ecse223.quoridor.controller.QuoridorController.releaseWall(QuoridorController.java:218)
	at ca.mcgill.ecse223.quoridor.features.CucumberStepDefinitions.iReleaseTheWallInMyHand(CucumberStepDefinitions.java:927)
	at ✽.I release the wall in my hand(file:src/test/resources/ca/mcgill/ecse223/quoridor/features/DropWall.feature:16)
</failure>
  </testcase>
  <testcase name="Valid wall placement" classname="ca.mcgill.ecse223.quoridor.features.CucumberTestsRunner" time="0.004">
    <failure message="java.lang.UnsupportedOperationException: Not yet implemented" type="java.lang.UnsupportedOperationException">java.lang.UnsupportedOperationException: Not yet implemented
	at ca.mcgill.ecse223.quoridor.controller.QuoridorController.releaseWall(QuoridorController.java:218)
	at ca.mcgill.ecse223.quoridor.features.CucumberStepDefinitions.iReleaseTheWallInMyHand(CucumberStepDefinitions.java:927)
	at ✽.I release the wall in my hand(file:src/test/resources/ca/mcgill/ecse223/quoridor/features/DropWall.feature:16)
</failure>
  </testcase>
  <testcase name="Invalid wall placement" classname="ca.mcgill.ecse223.quoridor.features.CucumberTestsRunner" time="0.009">
    <failure message="java.lang.UnsupportedOperationException: Not yet implemented" type="java.lang.UnsupportedOperationException">java.lang.UnsupportedOperationException: Not yet implemented
	at ca.mcgill.ecse223.quoridor.controller.QuoridorController.releaseWall(QuoridorController.java:218)
	at ca.mcgill.ecse223.quoridor.features.CucumberStepDefinitions.iReleaseTheWallInMyHand(CucumberStepDefinitions.java:927)
	at ✽.I release the wall in my hand(file:src/test/resources/ca/mcgill/ecse223/quoridor/features/DropWall.feature:29)
</failure>
  </testcase>
  <testcase name="Invalid wall placement" classname="ca.mcgill.ecse223.quoridor.features.CucumberTestsRunner" time="0.005">
    <failure message="java.lang.UnsupportedOperationException: Not yet implemented" type="java.lang.UnsupportedOperationException">java.lang.UnsupportedOperationException: Not yet implemented
	at ca.mcgill.ecse223.quoridor.controller.QuoridorController.releaseWall(QuoridorController.java:218)
	at ca.mcgill.ecse223.quoridor.features.CucumberStepDefinitions.iReleaseTheWallInMyHand(CucumberStepDefinitions.java:927)
	at ✽.I release the wall in my hand(file:src/test/resources/ca/mcgill/ecse223/quoridor/features/DropWall.feature:29)
</failure>
  </testcase>
  <testcase name="Invalid wall placement" classname="ca.mcgill.ecse223.quoridor.features.CucumberTestsRunner" time="0.003">
    <failure message="java.lang.UnsupportedOperationException: Not yet implemented" type="java.lang.UnsupportedOperationException">java.lang.UnsupportedOperationException: Not yet implemented
	at ca.mcgill.ecse223.quoridor.controller.QuoridorController.releaseWall(QuoridorController.java:218)
	at ca.mcgill.ecse223.quoridor.features.CucumberStepDefinitions.iReleaseTheWallInMyHand(CucumberStepDefinitions.java:927)
	at ✽.I release the wall in my hand(file:src/test/resources/ca/mcgill/ecse223/quoridor/features/DropWall.feature:29)
</failure>
  </testcase>
  <testcase name="Invalid wall placement" classname="ca.mcgill.ecse223.quoridor.features.CucumberTestsRunner" time="0.004">
    <failure message="java.lang.UnsupportedOperationException: Not yet implemented" type="java.lang.UnsupportedOperationException">java.lang.UnsupportedOperationException: Not yet implemented
	at ca.mcgill.ecse223.quoridor.controller.QuoridorController.releaseWall(QuoridorController.java:218)
	at ca.mcgill.ecse223.quoridor.features.CucumberStepDefinitions.iReleaseTheWallInMyHand(CucumberStepDefinitions.java:927)
	at ✽.I release the wall in my hand(file:src/test/resources/ca/mcgill/ecse223/quoridor/features/DropWall.feature:29)
</failure>
  </testcase>
  <testcase name="Start wall placement" classname="ca.mcgill.ecse223.quoridor.features.CucumberTestsRunner" time="0.004">
    <failure message="java.lang.UnsupportedOperationException: This controller method is not implemented yet" type="java.lang.UnsupportedOperationException">java.lang.UnsupportedOperationException: This controller method is not implemented yet
	at ca.mcgill.ecse223.quoridor.controller.QuoridorController.grabWall(QuoridorController.java:196)
	at ca.mcgill.ecse223.quoridor.features.CucumberStepDefinitions.iTryToGrabAWallFromMyStock(CucumberStepDefinitions.java:367)
	at ✽.I try to grab a wall from my stock(file:src/test/resources/ca/mcgill/ecse223/quoridor/features/GrabWall.feature:12)
</failure>
  </testcase>
  <testcase name="No more walls in stock" classname="ca.mcgill.ecse223.quoridor.features.CucumberTestsRunner" time="0.003">
    <failure message="java.lang.UnsupportedOperationException: This controller method is not implemented yet" type="java.lang.UnsupportedOperationException">java.lang.UnsupportedOperationException: This controller method is not implemented yet
	at ca.mcgill.ecse223.quoridor.controller.QuoridorController.grabWall(QuoridorController.java:196)
	at ca.mcgill.ecse223.quoridor.features.CucumberStepDefinitions.iTryToGrabAWallFromMyStock(CucumberStepDefinitions.java:367)
	at ✽.I try to grab a wall from my stock(file:src/test/resources/ca/mcgill/ecse223/quoridor/features/GrabWall.feature:19)
</failure>
  </testcase>
  <testcase name="Initialize board" classname="ca.mcgill.ecse223.quoridor.features.CucumberTestsRunner" time="0.003">
    <failure message="java.lang.UnsupportedOperationException: This controller method is not implemented yet" type="java.lang.UnsupportedOperationException">java.lang.UnsupportedOperationException: This controller method is not implemented yet
	at ca.mcgill.ecse223.quoridor.controller.QuoridorController.initializeBoard(QuoridorController.java:25)
	at ca.mcgill.ecse223.quoridor.features.CucumberStepDefinitions.initializationOfBoardInitiated(CucumberStepDefinitions.java:282)
	at ✽.The initialization of the board is initiated(file:src/test/resources/ca/mcgill/ecse223/quoridor/features/InitializeBoard.feature:7)
</failure>
  </testcase>
  <testcase name="Load position" classname="ca.mcgill.ecse223.quoridor.features.CucumberTestsRunner" time="0.004">
    <failure message="java.lang.UnsupportedOperationException: Game could not be loaded" type="java.lang.UnsupportedOperationException">java.lang.UnsupportedOperationException: Game could not be loaded
	at ca.mcgill.ecse223.quoridor.controller.QuoridorController.loadSavedGame(QuoridorController.java:326)
	at ca.mcgill.ecse223.quoridor.features.CucumberStepDefinitions.iInitiateToLoadASavedGame(CucumberStepDefinitions.java:1206)
	at ✽.I initiate to load a saved game &quot;quoridor_test_game_1.dat&quot;(file:src/test/resources/ca/mcgill/ecse223/quoridor/features/LoadPosition.feature:8)
</failure>
  </testcase>
  <testcase name="Load invalid position" classname="ca.mcgill.ecse223.quoridor.features.CucumberTestsRunner" time="0.003">
    <failure message="java.lang.UnsupportedOperationException: Game could not be loaded" type="java.lang.UnsupportedOperationException">java.lang.UnsupportedOperationException: Game could not be loaded
	at ca.mcgill.ecse223.quoridor.controller.QuoridorController.loadSavedGame(QuoridorController.java:326)
	at ca.mcgill.ecse223.quoridor.features.CucumberStepDefinitions.iInitiateToLoadASavedGame(CucumberStepDefinitions.java:1206)
	at ✽.I initiate to load a saved game &quot;quoridor_test_game_invalid_pawn.dat&quot;(file:src/test/resources/ca/mcgill/ecse223/quoridor/features/LoadPosition.feature:23)
</failure>
  </testcase>
  <testcase name="Load invalid position" classname="ca.mcgill.ecse223.quoridor.features.CucumberTestsRunner" time="0.002">
    <failure message="java.lang.UnsupportedOperationException: Game could not be loaded" type="java.lang.UnsupportedOperationException">java.lang.UnsupportedOperationException: Game could not be loaded
	at ca.mcgill.ecse223.quoridor.controller.QuoridorController.loadSavedGame(QuoridorController.java:326)
	at ca.mcgill.ecse223.quoridor.features.CucumberStepDefinitions.iInitiateToLoadASavedGame(CucumberStepDefinitions.java:1206)
	at ✽.I initiate to load a saved game &quot;quoridor_test_game_invalid_wall_overlap_.dat&quot;(file:src/test/resources/ca/mcgill/ecse223/quoridor/features/LoadPosition.feature:23)
</failure>
  </testcase>
  <testcase name="Load invalid position" classname="ca.mcgill.ecse223.quoridor.features.CucumberTestsRunner" time="0.006">
    <failure message="java.lang.UnsupportedOperationException: Game could not be loaded" type="java.lang.UnsupportedOperationException">java.lang.UnsupportedOperationException: Game could not be loaded
	at ca.mcgill.ecse223.quoridor.controller.QuoridorController.loadSavedGame(QuoridorController.java:326)
	at ca.mcgill.ecse223.quoridor.features.CucumberStepDefinitions.iInitiateToLoadASavedGame(CucumberStepDefinitions.java:1206)
	at ✽.I initiate to load a saved game &quot;quoridor_test_game_invalid_wall_out-of-track.dat&quot;(file:src/test/resources/ca/mcgill/ecse223/quoridor/features/LoadPosition.feature:23)
</failure>
  </testcase>
  <testcase name="Move one tile" classname="ca.mcgill.ecse223.quoridor.features.CucumberTestsRunner" time="0.006">
    <failure message="org.opentest4j.MultipleFailuresError: Multiple Failures (8 failures)&#13;&#10;&#9;java.lang.UnsupportedOperationException: QuoridorController.completePlayerturn(player) is not currently implemented!&#13;&#10;&#9;io.cucumber.junit.UndefinedThrowable: The step &quot;The player is located at 3:3&quot; is undefined&#13;&#10;&#9;io.cucumber.junit.UndefinedThrowable: The step &quot;There are no &quot;vertical&quot; walls &quot;left&quot; from the player&quot; is undefined&#13;&#10;&#9;io.cucumber.junit.UndefinedThrowable: The step &quot;The opponent is not &quot;left&quot; from the player&quot; is undefined&#13;&#10;&#9;io.cucumber.junit.UndefinedThrowable: The step &quot;Player &quot;white&quot; initiates to move &quot;left&quot;&quot; is undefined&#13;&#10;&#9;io.cucumber.junit.UndefinedThrowable: The step &quot;The move &quot;left&quot; shall be &quot;success&quot;&quot; is undefined&#13;&#10;&#9;io.cucumber.junit.UndefinedThrowable: The step &quot;Player's new position shall be 3:2&quot; is undefined&#13;&#10;&#9;io.cucumber.junit.UndefinedThrowable: The step &quot;The next player to move shall become &quot;black&quot;&quot; is undefined" type="org.opentest4j.MultipleFailuresError">org.opentest4j.MultipleFailuresError: Multiple Failures (8 failures)
	java.lang.UnsupportedOperationException: QuoridorController.completePlayerturn(player) is not currently implemented!
	io.cucumber.junit.UndefinedThrowable: The step &quot;The player is located at 3:3&quot; is undefined
	io.cucumber.junit.UndefinedThrowable: The step &quot;There are no &quot;vertical&quot; walls &quot;left&quot; from the player&quot; is undefined
	io.cucumber.junit.UndefinedThrowable: The step &quot;The opponent is not &quot;left&quot; from the player&quot; is undefined
	io.cucumber.junit.UndefinedThrowable: The step &quot;Player &quot;white&quot; initiates to move &quot;left&quot;&quot; is undefined
	io.cucumber.junit.UndefinedThrowable: The step &quot;The move &quot;left&quot; shall be &quot;success&quot;&quot; is undefined
	io.cucumber.junit.UndefinedThrowable: The step &quot;Player's new position shall be 3:2&quot; is undefined
	io.cucumber.junit.UndefinedThrowable: The step &quot;The next player to move shall become &quot;black&quot;&quot; is undefined
	at org.junit.vintage.engine.execution.TestRun.getStoredResultOrSuccessful(TestRun.java:179)
	at org.junit.vintage.engine.execution.RunListenerAdapter.fireExecutionFinished(RunListenerAdapter.java:211)
	at org.junit.vintage.engine.execution.RunListenerAdapter.testFinished(RunListenerAdapter.java:177)
	at org.junit.vintage.engine.execution.RunListenerAdapter.testFinished(RunListenerAdapter.java:76)
	at org.junit.runner.notification.SynchronizedRunListener.testFinished(SynchronizedRunListener.java:56)
	at org.junit.runner.notification.RunNotifier$7.notifyListener(RunNotifier.java:190)
	at org.junit.runner.notification.RunNotifier$SafeNotifier.run(RunNotifier.java:72)
	at org.junit.runner.notification.RunNotifier.fireTestFinished(RunNotifier.java:187)
	at io.cucumber.junit.JUnitReporter$EachTestNotifier.fireTestFinished(JUnitReporter.java:253)
	at io.cucumber.junit.JUnitReporter.handleTestCaseResult(JUnitReporter.java:178)
	at io.cucumber.junit.JUnitReporter$4.receive(JUnitReporter.java:66)
	at io.cucumber.junit.JUnitReporter$4.receive(JUnitReporter.java:62)
	at cucumber.runner.AbstractEventPublisher.send(AbstractEventPublisher.java:45)
	at cucumber.runner.AbstractEventBus.send(AbstractEventBus.java:9)
	at cucumber.runner.ThreadLocalRunnerSupplier$LocalEventBus.send(ThreadLocalRunnerSupplier.java:60)
	at cucumber.runner.TestCase.run(TestCase.java:55)
	at cucumber.runner.Runner.runPickle(Runner.java:50)
	at io.cucumber.junit.PickleRunners$NoStepDescriptions.run(PickleRunners.java:146)
	at io.cucumber.junit.FeatureRunner.runChild(FeatureRunner.java:68)
	at io.cucumber.junit.FeatureRunner.runChild(FeatureRunner.java:23)
	at org.junit.runners.ParentRunner$3.run(ParentRunner.java:290)
	at org.junit.runners.ParentRunner$1.schedule(ParentRunner.java:71)
	at org.junit.runners.ParentRunner.runChildren(ParentRunner.java:288)
	at org.junit.runners.ParentRunner.access$000(ParentRunner.java:58)
	at org.junit.runners.ParentRunner$2.evaluate(ParentRunner.java:268)
	at org.junit.runners.ParentRunner.run(ParentRunner.java:363)
	at io.cucumber.junit.Cucumber.runChild(Cucumber.java:144)
	at io.cucumber.junit.Cucumber.runChild(Cucumber.java:65)
	at org.junit.runners.ParentRunner$3.run(ParentRunner.java:290)
	at org.junit.runners.ParentRunner$1.schedule(ParentRunner.java:71)
	at org.junit.runners.ParentRunner.runChildren(ParentRunner.java:288)
	at org.junit.runners.ParentRunner.access$000(ParentRunner.java:58)
	at org.junit.runners.ParentRunner$2.evaluate(ParentRunner.java:268)
	at io.cucumber.junit.Cucumber$RunCucumber.evaluate(Cucumber.java:174)
	at org.junit.runners.ParentRunner.run(ParentRunner.java:363)
	at org.junit.runner.JUnitCore.run(JUnitCore.java:137)
	at org.junit.runner.JUnitCore.run(JUnitCore.java:115)
	at org.junit.vintage.engine.execution.RunnerExecutor.execute(RunnerExecutor.java:40)
	at java.util.stream.ForEachOps$ForEachOp$OfRef.accept(ForEachOps.java:184)
	at java.util.stream.ReferencePipeline$3$1.accept(ReferencePipeline.java:193)
	at java.util.Iterator.forEachRemaining(Iterator.java:116)
	at java.util.Spliterators$IteratorSpliterator.forEachRemaining(Spliterators.java:1801)
	at java.util.stream.AbstractPipeline.copyInto(AbstractPipeline.java:481)
	at java.util.stream.AbstractPipeline.wrapAndCopyInto(AbstractPipeline.java:471)
	at java.util.stream.ForEachOps$ForEachOp.evaluateSequential(ForEachOps.java:151)
	at java.util.stream.ForEachOps$ForEachOp$OfRef.evaluateSequential(ForEachOps.java:174)
	at java.util.stream.AbstractPipeline.evaluate(AbstractPipeline.java:234)
	at java.util.stream.ReferencePipeline.forEach(ReferencePipeline.java:418)
	at org.junit.vintage.engine.VintageTestEngine.executeAllChildren(VintageTestEngine.java:80)
	at org.junit.vintage.engine.VintageTestEngine.execute(VintageTestEngine.java:71)
	at org.junit.platform.launcher.core.DefaultLauncher.execute(DefaultLauncher.java:220)
	at org.junit.platform.launcher.core.DefaultLauncher.lambda$execute$6(DefaultLauncher.java:188)
	at org.junit.platform.launcher.core.DefaultLauncher.withInterceptedStreams(DefaultLauncher.java:202)
	at org.junit.platform.launcher.core.DefaultLauncher.execute(DefaultLauncher.java:181)
	at org.junit.platform.launcher.core.DefaultLauncher.execute(DefaultLauncher.java:128)
	at org.gradle.api.internal.tasks.testing.junitplatform.JUnitPlatformTestClassProcessor$CollectAllTestClassesExecutor.processAllTestClasses(JUnitPlatformTestClassProcessor.java:102)
	at org.gradle.api.internal.tasks.testing.junitplatform.JUnitPlatformTestClassProcessor$CollectAllTestClassesExecutor.access$000(JUnitPlatformTestClassProcessor.java:82)
	at org.gradle.api.internal.tasks.testing.junitplatform.JUnitPlatformTestClassProcessor.stop(JUnitPlatformTestClassProcessor.java:78)
	at org.gradle.api.internal.tasks.testing.SuiteTestClassProcessor.stop(SuiteTestClassProcessor.java:61)
	at sun.reflect.NativeMethodAccessorImpl.invoke0(Native Method)
	at sun.reflect.NativeMethodAccessorImpl.invoke(NativeMethodAccessorImpl.java:62)
	at sun.reflect.DelegatingMethodAccessorImpl.invoke(DelegatingMethodAccessorImpl.java:43)
	at java.lang.reflect.Method.invoke(Method.java:498)
	at org.gradle.internal.dispatch.ReflectionDispatch.dispatch(ReflectionDispatch.java:36)
	at org.gradle.internal.dispatch.ReflectionDispatch.dispatch(ReflectionDispatch.java:24)
	at org.gradle.internal.dispatch.ContextClassLoaderDispatch.dispatch(ContextClassLoaderDispatch.java:33)
	at org.gradle.internal.dispatch.ProxyDispatchAdapter$DispatchingInvocationHandler.invoke(ProxyDispatchAdapter.java:94)
	at com.sun.proxy.$Proxy2.stop(Unknown Source)
	at org.gradle.api.internal.tasks.testing.worker.TestWorker.stop(TestWorker.java:132)
	at sun.reflect.NativeMethodAccessorImpl.invoke0(Native Method)
	at sun.reflect.NativeMethodAccessorImpl.invoke(NativeMethodAccessorImpl.java:62)
	at sun.reflect.DelegatingMethodAccessorImpl.invoke(DelegatingMethodAccessorImpl.java:43)
	at java.lang.reflect.Method.invoke(Method.java:498)
	at org.gradle.internal.dispatch.ReflectionDispatch.dispatch(ReflectionDispatch.java:36)
	at org.gradle.internal.dispatch.ReflectionDispatch.dispatch(ReflectionDispatch.java:24)
	at org.gradle.internal.remote.internal.hub.MessageHubBackedObjectConnection$DispatchWrapper.dispatch(MessageHubBackedObjectConnection.java:182)
	at org.gradle.internal.remote.internal.hub.MessageHubBackedObjectConnection$DispatchWrapper.dispatch(MessageHubBackedObjectConnection.java:164)
	at org.gradle.internal.remote.internal.hub.MessageHub$Handler.run(MessageHub.java:412)
	at org.gradle.internal.concurrent.ExecutorPolicy$CatchAndRecordFailures.onExecute(ExecutorPolicy.java:64)
	at org.gradle.internal.concurrent.ManagedExecutorImpl$1.run(ManagedExecutorImpl.java:48)
	at java.util.concurrent.ThreadPoolExecutor.runWorker(ThreadPoolExecutor.java:1149)
	at java.util.concurrent.ThreadPoolExecutor$Worker.run(ThreadPoolExecutor.java:624)
	at org.gradle.internal.concurrent.ThreadFactoryImpl$ManagedThreadRunnable.run(ThreadFactoryImpl.java:56)
	at java.lang.Thread.run(Thread.java:748)
</failure>
  </testcase>
  <testcase name="Move one tile" classname="ca.mcgill.ecse223.quoridor.features.CucumberTestsRunner" time="0.004">
    <failure message="org.opentest4j.MultipleFailuresError: Multiple Failures (8 failures)&#13;&#10;&#9;java.lang.UnsupportedOperationException: QuoridorController.completePlayerturn(player) is not currently implemented!&#13;&#10;&#9;io.cucumber.junit.UndefinedThrowable: The step &quot;The player is located at 3:1&quot; is undefined&#13;&#10;&#9;io.cucumber.junit.UndefinedThrowable: The step &quot;There are no &quot;vertical&quot; walls &quot;left&quot; from the player&quot; is undefined&#13;&#10;&#9;io.cucumber.junit.UndefinedThrowable: The step &quot;The opponent is not &quot;left&quot; from the player&quot; is undefined&#13;&#10;&#9;io.cucumber.junit.UndefinedThrowable: The step &quot;Player &quot;white&quot; initiates to move &quot;left&quot;&quot; is undefined&#13;&#10;&#9;io.cucumber.junit.UndefinedThrowable: The step &quot;The move &quot;left&quot; shall be &quot;illegal&quot;&quot; is undefined&#13;&#10;&#9;io.cucumber.junit.UndefinedThrowable: The step &quot;Player's new position shall be 3:1&quot; is undefined&#13;&#10;&#9;io.cucumber.junit.UndefinedThrowable: The step &quot;The next player to move shall become &quot;white&quot;&quot; is undefined" type="org.opentest4j.MultipleFailuresError">org.opentest4j.MultipleFailuresError: Multiple Failures (8 failures)
	java.lang.UnsupportedOperationException: QuoridorController.completePlayerturn(player) is not currently implemented!
	io.cucumber.junit.UndefinedThrowable: The step &quot;The player is located at 3:1&quot; is undefined
	io.cucumber.junit.UndefinedThrowable: The step &quot;There are no &quot;vertical&quot; walls &quot;left&quot; from the player&quot; is undefined
	io.cucumber.junit.UndefinedThrowable: The step &quot;The opponent is not &quot;left&quot; from the player&quot; is undefined
	io.cucumber.junit.UndefinedThrowable: The step &quot;Player &quot;white&quot; initiates to move &quot;left&quot;&quot; is undefined
	io.cucumber.junit.UndefinedThrowable: The step &quot;The move &quot;left&quot; shall be &quot;illegal&quot;&quot; is undefined
	io.cucumber.junit.UndefinedThrowable: The step &quot;Player's new position shall be 3:1&quot; is undefined
	io.cucumber.junit.UndefinedThrowable: The step &quot;The next player to move shall become &quot;white&quot;&quot; is undefined
	at org.junit.vintage.engine.execution.TestRun.getStoredResultOrSuccessful(TestRun.java:179)
	at org.junit.vintage.engine.execution.RunListenerAdapter.fireExecutionFinished(RunListenerAdapter.java:211)
	at org.junit.vintage.engine.execution.RunListenerAdapter.testFinished(RunListenerAdapter.java:177)
	at org.junit.vintage.engine.execution.RunListenerAdapter.testFinished(RunListenerAdapter.java:76)
	at org.junit.runner.notification.SynchronizedRunListener.testFinished(SynchronizedRunListener.java:56)
	at org.junit.runner.notification.RunNotifier$7.notifyListener(RunNotifier.java:190)
	at org.junit.runner.notification.RunNotifier$SafeNotifier.run(RunNotifier.java:72)
	at org.junit.runner.notification.RunNotifier.fireTestFinished(RunNotifier.java:187)
	at io.cucumber.junit.JUnitReporter$EachTestNotifier.fireTestFinished(JUnitReporter.java:253)
	at io.cucumber.junit.JUnitReporter.handleTestCaseResult(JUnitReporter.java:178)
	at io.cucumber.junit.JUnitReporter$4.receive(JUnitReporter.java:66)
	at io.cucumber.junit.JUnitReporter$4.receive(JUnitReporter.java:62)
	at cucumber.runner.AbstractEventPublisher.send(AbstractEventPublisher.java:45)
	at cucumber.runner.AbstractEventBus.send(AbstractEventBus.java:9)
	at cucumber.runner.ThreadLocalRunnerSupplier$LocalEventBus.send(ThreadLocalRunnerSupplier.java:60)
	at cucumber.runner.TestCase.run(TestCase.java:55)
	at cucumber.runner.Runner.runPickle(Runner.java:50)
	at io.cucumber.junit.PickleRunners$NoStepDescriptions.run(PickleRunners.java:146)
	at io.cucumber.junit.FeatureRunner.runChild(FeatureRunner.java:68)
	at io.cucumber.junit.FeatureRunner.runChild(FeatureRunner.java:23)
	at org.junit.runners.ParentRunner$3.run(ParentRunner.java:290)
	at org.junit.runners.ParentRunner$1.schedule(ParentRunner.java:71)
	at org.junit.runners.ParentRunner.runChildren(ParentRunner.java:288)
	at org.junit.runners.ParentRunner.access$000(ParentRunner.java:58)
	at org.junit.runners.ParentRunner$2.evaluate(ParentRunner.java:268)
	at org.junit.runners.ParentRunner.run(ParentRunner.java:363)
	at io.cucumber.junit.Cucumber.runChild(Cucumber.java:144)
	at io.cucumber.junit.Cucumber.runChild(Cucumber.java:65)
	at org.junit.runners.ParentRunner$3.run(ParentRunner.java:290)
	at org.junit.runners.ParentRunner$1.schedule(ParentRunner.java:71)
	at org.junit.runners.ParentRunner.runChildren(ParentRunner.java:288)
	at org.junit.runners.ParentRunner.access$000(ParentRunner.java:58)
	at org.junit.runners.ParentRunner$2.evaluate(ParentRunner.java:268)
	at io.cucumber.junit.Cucumber$RunCucumber.evaluate(Cucumber.java:174)
	at org.junit.runners.ParentRunner.run(ParentRunner.java:363)
	at org.junit.runner.JUnitCore.run(JUnitCore.java:137)
	at org.junit.runner.JUnitCore.run(JUnitCore.java:115)
	at org.junit.vintage.engine.execution.RunnerExecutor.execute(RunnerExecutor.java:40)
	at java.util.stream.ForEachOps$ForEachOp$OfRef.accept(ForEachOps.java:184)
	at java.util.stream.ReferencePipeline$3$1.accept(ReferencePipeline.java:193)
	at java.util.Iterator.forEachRemaining(Iterator.java:116)
	at java.util.Spliterators$IteratorSpliterator.forEachRemaining(Spliterators.java:1801)
	at java.util.stream.AbstractPipeline.copyInto(AbstractPipeline.java:481)
	at java.util.stream.AbstractPipeline.wrapAndCopyInto(AbstractPipeline.java:471)
	at java.util.stream.ForEachOps$ForEachOp.evaluateSequential(ForEachOps.java:151)
	at java.util.stream.ForEachOps$ForEachOp$OfRef.evaluateSequential(ForEachOps.java:174)
	at java.util.stream.AbstractPipeline.evaluate(AbstractPipeline.java:234)
	at java.util.stream.ReferencePipeline.forEach(ReferencePipeline.java:418)
	at org.junit.vintage.engine.VintageTestEngine.executeAllChildren(VintageTestEngine.java:80)
	at org.junit.vintage.engine.VintageTestEngine.execute(VintageTestEngine.java:71)
	at org.junit.platform.launcher.core.DefaultLauncher.execute(DefaultLauncher.java:220)
	at org.junit.platform.launcher.core.DefaultLauncher.lambda$execute$6(DefaultLauncher.java:188)
	at org.junit.platform.launcher.core.DefaultLauncher.withInterceptedStreams(DefaultLauncher.java:202)
	at org.junit.platform.launcher.core.DefaultLauncher.execute(DefaultLauncher.java:181)
	at org.junit.platform.launcher.core.DefaultLauncher.execute(DefaultLauncher.java:128)
	at org.gradle.api.internal.tasks.testing.junitplatform.JUnitPlatformTestClassProcessor$CollectAllTestClassesExecutor.processAllTestClasses(JUnitPlatformTestClassProcessor.java:102)
	at org.gradle.api.internal.tasks.testing.junitplatform.JUnitPlatformTestClassProcessor$CollectAllTestClassesExecutor.access$000(JUnitPlatformTestClassProcessor.java:82)
	at org.gradle.api.internal.tasks.testing.junitplatform.JUnitPlatformTestClassProcessor.stop(JUnitPlatformTestClassProcessor.java:78)
	at org.gradle.api.internal.tasks.testing.SuiteTestClassProcessor.stop(SuiteTestClassProcessor.java:61)
	at sun.reflect.NativeMethodAccessorImpl.invoke0(Native Method)
	at sun.reflect.NativeMethodAccessorImpl.invoke(NativeMethodAccessorImpl.java:62)
	at sun.reflect.DelegatingMethodAccessorImpl.invoke(DelegatingMethodAccessorImpl.java:43)
	at java.lang.reflect.Method.invoke(Method.java:498)
	at org.gradle.internal.dispatch.ReflectionDispatch.dispatch(ReflectionDispatch.java:36)
	at org.gradle.internal.dispatch.ReflectionDispatch.dispatch(ReflectionDispatch.java:24)
	at org.gradle.internal.dispatch.ContextClassLoaderDispatch.dispatch(ContextClassLoaderDispatch.java:33)
	at org.gradle.internal.dispatch.ProxyDispatchAdapter$DispatchingInvocationHandler.invoke(ProxyDispatchAdapter.java:94)
	at com.sun.proxy.$Proxy2.stop(Unknown Source)
	at org.gradle.api.internal.tasks.testing.worker.TestWorker.stop(TestWorker.java:132)
	at sun.reflect.NativeMethodAccessorImpl.invoke0(Native Method)
	at sun.reflect.NativeMethodAccessorImpl.invoke(NativeMethodAccessorImpl.java:62)
	at sun.reflect.DelegatingMethodAccessorImpl.invoke(DelegatingMethodAccessorImpl.java:43)
	at java.lang.reflect.Method.invoke(Method.java:498)
	at org.gradle.internal.dispatch.ReflectionDispatch.dispatch(ReflectionDispatch.java:36)
	at org.gradle.internal.dispatch.ReflectionDispatch.dispatch(ReflectionDispatch.java:24)
	at org.gradle.internal.remote.internal.hub.MessageHubBackedObjectConnection$DispatchWrapper.dispatch(MessageHubBackedObjectConnection.java:182)
	at org.gradle.internal.remote.internal.hub.MessageHubBackedObjectConnection$DispatchWrapper.dispatch(MessageHubBackedObjectConnection.java:164)
	at org.gradle.internal.remote.internal.hub.MessageHub$Handler.run(MessageHub.java:412)
	at org.gradle.internal.concurrent.ExecutorPolicy$CatchAndRecordFailures.onExecute(ExecutorPolicy.java:64)
	at org.gradle.internal.concurrent.ManagedExecutorImpl$1.run(ManagedExecutorImpl.java:48)
	at java.util.concurrent.ThreadPoolExecutor.runWorker(ThreadPoolExecutor.java:1149)
	at java.util.concurrent.ThreadPoolExecutor$Worker.run(ThreadPoolExecutor.java:624)
	at org.gradle.internal.concurrent.ThreadFactoryImpl$ManagedThreadRunnable.run(ThreadFactoryImpl.java:56)
	at java.lang.Thread.run(Thread.java:748)
</failure>
  </testcase>
  <testcase name="Move one tile" classname="ca.mcgill.ecse223.quoridor.features.CucumberTestsRunner" time="0.004">
    <failure message="org.opentest4j.MultipleFailuresError: Multiple Failures (8 failures)&#13;&#10;&#9;java.lang.UnsupportedOperationException: QuoridorController.completePlayerturn(player) is not currently implemented!&#13;&#10;&#9;io.cucumber.junit.UndefinedThrowable: The step &quot;The player is located at 6:6&quot; is undefined&#13;&#10;&#9;io.cucumber.junit.UndefinedThrowable: The step &quot;There are no &quot;vertical&quot; walls &quot;right&quot; from the player&quot; is undefined&#13;&#10;&#9;io.cucumber.junit.UndefinedThrowable: The step &quot;The opponent is not &quot;right&quot; from the player&quot; is undefined&#13;&#10;&#9;io.cucumber.junit.UndefinedThrowable: The step &quot;Player &quot;white&quot; initiates to move &quot;right&quot;&quot; is undefined&#13;&#10;&#9;io.cucumber.junit.UndefinedThrowable: The step &quot;The move &quot;right&quot; shall be &quot;success&quot;&quot; is undefined&#13;&#10;&#9;io.cucumber.junit.UndefinedThrowable: The step &quot;Player's new position shall be 6:7&quot; is undefined&#13;&#10;&#9;io.cucumber.junit.UndefinedThrowable: The step &quot;The next player to move shall become &quot;black&quot;&quot; is undefined" type="org.opentest4j.MultipleFailuresError">org.opentest4j.MultipleFailuresError: Multiple Failures (8 failures)
	java.lang.UnsupportedOperationException: QuoridorController.completePlayerturn(player) is not currently implemented!
	io.cucumber.junit.UndefinedThrowable: The step &quot;The player is located at 6:6&quot; is undefined
	io.cucumber.junit.UndefinedThrowable: The step &quot;There are no &quot;vertical&quot; walls &quot;right&quot; from the player&quot; is undefined
	io.cucumber.junit.UndefinedThrowable: The step &quot;The opponent is not &quot;right&quot; from the player&quot; is undefined
	io.cucumber.junit.UndefinedThrowable: The step &quot;Player &quot;white&quot; initiates to move &quot;right&quot;&quot; is undefined
	io.cucumber.junit.UndefinedThrowable: The step &quot;The move &quot;right&quot; shall be &quot;success&quot;&quot; is undefined
	io.cucumber.junit.UndefinedThrowable: The step &quot;Player's new position shall be 6:7&quot; is undefined
	io.cucumber.junit.UndefinedThrowable: The step &quot;The next player to move shall become &quot;black&quot;&quot; is undefined
	at org.junit.vintage.engine.execution.TestRun.getStoredResultOrSuccessful(TestRun.java:179)
	at org.junit.vintage.engine.execution.RunListenerAdapter.fireExecutionFinished(RunListenerAdapter.java:211)
	at org.junit.vintage.engine.execution.RunListenerAdapter.testFinished(RunListenerAdapter.java:177)
	at org.junit.vintage.engine.execution.RunListenerAdapter.testFinished(RunListenerAdapter.java:76)
	at org.junit.runner.notification.SynchronizedRunListener.testFinished(SynchronizedRunListener.java:56)
	at org.junit.runner.notification.RunNotifier$7.notifyListener(RunNotifier.java:190)
	at org.junit.runner.notification.RunNotifier$SafeNotifier.run(RunNotifier.java:72)
	at org.junit.runner.notification.RunNotifier.fireTestFinished(RunNotifier.java:187)
	at io.cucumber.junit.JUnitReporter$EachTestNotifier.fireTestFinished(JUnitReporter.java:253)
	at io.cucumber.junit.JUnitReporter.handleTestCaseResult(JUnitReporter.java:178)
	at io.cucumber.junit.JUnitReporter$4.receive(JUnitReporter.java:66)
	at io.cucumber.junit.JUnitReporter$4.receive(JUnitReporter.java:62)
	at cucumber.runner.AbstractEventPublisher.send(AbstractEventPublisher.java:45)
	at cucumber.runner.AbstractEventBus.send(AbstractEventBus.java:9)
	at cucumber.runner.ThreadLocalRunnerSupplier$LocalEventBus.send(ThreadLocalRunnerSupplier.java:60)
	at cucumber.runner.TestCase.run(TestCase.java:55)
	at cucumber.runner.Runner.runPickle(Runner.java:50)
	at io.cucumber.junit.PickleRunners$NoStepDescriptions.run(PickleRunners.java:146)
	at io.cucumber.junit.FeatureRunner.runChild(FeatureRunner.java:68)
	at io.cucumber.junit.FeatureRunner.runChild(FeatureRunner.java:23)
	at org.junit.runners.ParentRunner$3.run(ParentRunner.java:290)
	at org.junit.runners.ParentRunner$1.schedule(ParentRunner.java:71)
	at org.junit.runners.ParentRunner.runChildren(ParentRunner.java:288)
	at org.junit.runners.ParentRunner.access$000(ParentRunner.java:58)
	at org.junit.runners.ParentRunner$2.evaluate(ParentRunner.java:268)
	at org.junit.runners.ParentRunner.run(ParentRunner.java:363)
	at io.cucumber.junit.Cucumber.runChild(Cucumber.java:144)
	at io.cucumber.junit.Cucumber.runChild(Cucumber.java:65)
	at org.junit.runners.ParentRunner$3.run(ParentRunner.java:290)
	at org.junit.runners.ParentRunner$1.schedule(ParentRunner.java:71)
	at org.junit.runners.ParentRunner.runChildren(ParentRunner.java:288)
	at org.junit.runners.ParentRunner.access$000(ParentRunner.java:58)
	at org.junit.runners.ParentRunner$2.evaluate(ParentRunner.java:268)
	at io.cucumber.junit.Cucumber$RunCucumber.evaluate(Cucumber.java:174)
	at org.junit.runners.ParentRunner.run(ParentRunner.java:363)
	at org.junit.runner.JUnitCore.run(JUnitCore.java:137)
	at org.junit.runner.JUnitCore.run(JUnitCore.java:115)
	at org.junit.vintage.engine.execution.RunnerExecutor.execute(RunnerExecutor.java:40)
	at java.util.stream.ForEachOps$ForEachOp$OfRef.accept(ForEachOps.java:184)
	at java.util.stream.ReferencePipeline$3$1.accept(ReferencePipeline.java:193)
	at java.util.Iterator.forEachRemaining(Iterator.java:116)
	at java.util.Spliterators$IteratorSpliterator.forEachRemaining(Spliterators.java:1801)
	at java.util.stream.AbstractPipeline.copyInto(AbstractPipeline.java:481)
	at java.util.stream.AbstractPipeline.wrapAndCopyInto(AbstractPipeline.java:471)
	at java.util.stream.ForEachOps$ForEachOp.evaluateSequential(ForEachOps.java:151)
	at java.util.stream.ForEachOps$ForEachOp$OfRef.evaluateSequential(ForEachOps.java:174)
	at java.util.stream.AbstractPipeline.evaluate(AbstractPipeline.java:234)
	at java.util.stream.ReferencePipeline.forEach(ReferencePipeline.java:418)
	at org.junit.vintage.engine.VintageTestEngine.executeAllChildren(VintageTestEngine.java:80)
	at org.junit.vintage.engine.VintageTestEngine.execute(VintageTestEngine.java:71)
	at org.junit.platform.launcher.core.DefaultLauncher.execute(DefaultLauncher.java:220)
	at org.junit.platform.launcher.core.DefaultLauncher.lambda$execute$6(DefaultLauncher.java:188)
	at org.junit.platform.launcher.core.DefaultLauncher.withInterceptedStreams(DefaultLauncher.java:202)
	at org.junit.platform.launcher.core.DefaultLauncher.execute(DefaultLauncher.java:181)
	at org.junit.platform.launcher.core.DefaultLauncher.execute(DefaultLauncher.java:128)
	at org.gradle.api.internal.tasks.testing.junitplatform.JUnitPlatformTestClassProcessor$CollectAllTestClassesExecutor.processAllTestClasses(JUnitPlatformTestClassProcessor.java:102)
	at org.gradle.api.internal.tasks.testing.junitplatform.JUnitPlatformTestClassProcessor$CollectAllTestClassesExecutor.access$000(JUnitPlatformTestClassProcessor.java:82)
	at org.gradle.api.internal.tasks.testing.junitplatform.JUnitPlatformTestClassProcessor.stop(JUnitPlatformTestClassProcessor.java:78)
	at org.gradle.api.internal.tasks.testing.SuiteTestClassProcessor.stop(SuiteTestClassProcessor.java:61)
	at sun.reflect.NativeMethodAccessorImpl.invoke0(Native Method)
	at sun.reflect.NativeMethodAccessorImpl.invoke(NativeMethodAccessorImpl.java:62)
	at sun.reflect.DelegatingMethodAccessorImpl.invoke(DelegatingMethodAccessorImpl.java:43)
	at java.lang.reflect.Method.invoke(Method.java:498)
	at org.gradle.internal.dispatch.ReflectionDispatch.dispatch(ReflectionDispatch.java:36)
	at org.gradle.internal.dispatch.ReflectionDispatch.dispatch(ReflectionDispatch.java:24)
	at org.gradle.internal.dispatch.ContextClassLoaderDispatch.dispatch(ContextClassLoaderDispatch.java:33)
	at org.gradle.internal.dispatch.ProxyDispatchAdapter$DispatchingInvocationHandler.invoke(ProxyDispatchAdapter.java:94)
	at com.sun.proxy.$Proxy2.stop(Unknown Source)
	at org.gradle.api.internal.tasks.testing.worker.TestWorker.stop(TestWorker.java:132)
	at sun.reflect.NativeMethodAccessorImpl.invoke0(Native Method)
	at sun.reflect.NativeMethodAccessorImpl.invoke(NativeMethodAccessorImpl.java:62)
	at sun.reflect.DelegatingMethodAccessorImpl.invoke(DelegatingMethodAccessorImpl.java:43)
	at java.lang.reflect.Method.invoke(Method.java:498)
	at org.gradle.internal.dispatch.ReflectionDispatch.dispatch(ReflectionDispatch.java:36)
	at org.gradle.internal.dispatch.ReflectionDispatch.dispatch(ReflectionDispatch.java:24)
	at org.gradle.internal.remote.internal.hub.MessageHubBackedObjectConnection$DispatchWrapper.dispatch(MessageHubBackedObjectConnection.java:182)
	at org.gradle.internal.remote.internal.hub.MessageHubBackedObjectConnection$DispatchWrapper.dispatch(MessageHubBackedObjectConnection.java:164)
	at org.gradle.internal.remote.internal.hub.MessageHub$Handler.run(MessageHub.java:412)
	at org.gradle.internal.concurrent.ExecutorPolicy$CatchAndRecordFailures.onExecute(ExecutorPolicy.java:64)
	at org.gradle.internal.concurrent.ManagedExecutorImpl$1.run(ManagedExecutorImpl.java:48)
	at java.util.concurrent.ThreadPoolExecutor.runWorker(ThreadPoolExecutor.java:1149)
	at java.util.concurrent.ThreadPoolExecutor$Worker.run(ThreadPoolExecutor.java:624)
	at org.gradle.internal.concurrent.ThreadFactoryImpl$ManagedThreadRunnable.run(ThreadFactoryImpl.java:56)
	at java.lang.Thread.run(Thread.java:748)
</failure>
  </testcase>
  <testcase name="Move one tile" classname="ca.mcgill.ecse223.quoridor.features.CucumberTestsRunner" time="0.004">
    <failure message="org.opentest4j.MultipleFailuresError: Multiple Failures (8 failures)&#13;&#10;&#9;java.lang.UnsupportedOperationException: QuoridorController.completePlayerturn(player) is not currently implemented!&#13;&#10;&#9;io.cucumber.junit.UndefinedThrowable: The step &quot;The player is located at 6:9&quot; is undefined&#13;&#10;&#9;io.cucumber.junit.UndefinedThrowable: The step &quot;There are no &quot;vertical&quot; walls &quot;right&quot; from the player&quot; is undefined&#13;&#10;&#9;io.cucumber.junit.UndefinedThrowable: The step &quot;The opponent is not &quot;right&quot; from the player&quot; is undefined&#13;&#10;&#9;io.cucumber.junit.UndefinedThrowable: The step &quot;Player &quot;white&quot; initiates to move &quot;right&quot;&quot; is undefined&#13;&#10;&#9;io.cucumber.junit.UndefinedThrowable: The step &quot;The move &quot;right&quot; shall be &quot;illegal&quot;&quot; is undefined&#13;&#10;&#9;io.cucumber.junit.UndefinedThrowable: The step &quot;Player's new position shall be 6:9&quot; is undefined&#13;&#10;&#9;io.cucumber.junit.UndefinedThrowable: The step &quot;The next player to move shall become &quot;white&quot;&quot; is undefined" type="org.opentest4j.MultipleFailuresError">org.opentest4j.MultipleFailuresError: Multiple Failures (8 failures)
	java.lang.UnsupportedOperationException: QuoridorController.completePlayerturn(player) is not currently implemented!
	io.cucumber.junit.UndefinedThrowable: The step &quot;The player is located at 6:9&quot; is undefined
	io.cucumber.junit.UndefinedThrowable: The step &quot;There are no &quot;vertical&quot; walls &quot;right&quot; from the player&quot; is undefined
	io.cucumber.junit.UndefinedThrowable: The step &quot;The opponent is not &quot;right&quot; from the player&quot; is undefined
	io.cucumber.junit.UndefinedThrowable: The step &quot;Player &quot;white&quot; initiates to move &quot;right&quot;&quot; is undefined
	io.cucumber.junit.UndefinedThrowable: The step &quot;The move &quot;right&quot; shall be &quot;illegal&quot;&quot; is undefined
	io.cucumber.junit.UndefinedThrowable: The step &quot;Player's new position shall be 6:9&quot; is undefined
	io.cucumber.junit.UndefinedThrowable: The step &quot;The next player to move shall become &quot;white&quot;&quot; is undefined
	at org.junit.vintage.engine.execution.TestRun.getStoredResultOrSuccessful(TestRun.java:179)
	at org.junit.vintage.engine.execution.RunListenerAdapter.fireExecutionFinished(RunListenerAdapter.java:211)
	at org.junit.vintage.engine.execution.RunListenerAdapter.testFinished(RunListenerAdapter.java:177)
	at org.junit.vintage.engine.execution.RunListenerAdapter.testFinished(RunListenerAdapter.java:76)
	at org.junit.runner.notification.SynchronizedRunListener.testFinished(SynchronizedRunListener.java:56)
	at org.junit.runner.notification.RunNotifier$7.notifyListener(RunNotifier.java:190)
	at org.junit.runner.notification.RunNotifier$SafeNotifier.run(RunNotifier.java:72)
	at org.junit.runner.notification.RunNotifier.fireTestFinished(RunNotifier.java:187)
	at io.cucumber.junit.JUnitReporter$EachTestNotifier.fireTestFinished(JUnitReporter.java:253)
	at io.cucumber.junit.JUnitReporter.handleTestCaseResult(JUnitReporter.java:178)
	at io.cucumber.junit.JUnitReporter$4.receive(JUnitReporter.java:66)
	at io.cucumber.junit.JUnitReporter$4.receive(JUnitReporter.java:62)
	at cucumber.runner.AbstractEventPublisher.send(AbstractEventPublisher.java:45)
	at cucumber.runner.AbstractEventBus.send(AbstractEventBus.java:9)
	at cucumber.runner.ThreadLocalRunnerSupplier$LocalEventBus.send(ThreadLocalRunnerSupplier.java:60)
	at cucumber.runner.TestCase.run(TestCase.java:55)
	at cucumber.runner.Runner.runPickle(Runner.java:50)
	at io.cucumber.junit.PickleRunners$NoStepDescriptions.run(PickleRunners.java:146)
	at io.cucumber.junit.FeatureRunner.runChild(FeatureRunner.java:68)
	at io.cucumber.junit.FeatureRunner.runChild(FeatureRunner.java:23)
	at org.junit.runners.ParentRunner$3.run(ParentRunner.java:290)
	at org.junit.runners.ParentRunner$1.schedule(ParentRunner.java:71)
	at org.junit.runners.ParentRunner.runChildren(ParentRunner.java:288)
	at org.junit.runners.ParentRunner.access$000(ParentRunner.java:58)
	at org.junit.runners.ParentRunner$2.evaluate(ParentRunner.java:268)
	at org.junit.runners.ParentRunner.run(ParentRunner.java:363)
	at io.cucumber.junit.Cucumber.runChild(Cucumber.java:144)
	at io.cucumber.junit.Cucumber.runChild(Cucumber.java:65)
	at org.junit.runners.ParentRunner$3.run(ParentRunner.java:290)
	at org.junit.runners.ParentRunner$1.schedule(ParentRunner.java:71)
	at org.junit.runners.ParentRunner.runChildren(ParentRunner.java:288)
	at org.junit.runners.ParentRunner.access$000(ParentRunner.java:58)
	at org.junit.runners.ParentRunner$2.evaluate(ParentRunner.java:268)
	at io.cucumber.junit.Cucumber$RunCucumber.evaluate(Cucumber.java:174)
	at org.junit.runners.ParentRunner.run(ParentRunner.java:363)
	at org.junit.runner.JUnitCore.run(JUnitCore.java:137)
	at org.junit.runner.JUnitCore.run(JUnitCore.java:115)
	at org.junit.vintage.engine.execution.RunnerExecutor.execute(RunnerExecutor.java:40)
	at java.util.stream.ForEachOps$ForEachOp$OfRef.accept(ForEachOps.java:184)
	at java.util.stream.ReferencePipeline$3$1.accept(ReferencePipeline.java:193)
	at java.util.Iterator.forEachRemaining(Iterator.java:116)
	at java.util.Spliterators$IteratorSpliterator.forEachRemaining(Spliterators.java:1801)
	at java.util.stream.AbstractPipeline.copyInto(AbstractPipeline.java:481)
	at java.util.stream.AbstractPipeline.wrapAndCopyInto(AbstractPipeline.java:471)
	at java.util.stream.ForEachOps$ForEachOp.evaluateSequential(ForEachOps.java:151)
	at java.util.stream.ForEachOps$ForEachOp$OfRef.evaluateSequential(ForEachOps.java:174)
	at java.util.stream.AbstractPipeline.evaluate(AbstractPipeline.java:234)
	at java.util.stream.ReferencePipeline.forEach(ReferencePipeline.java:418)
	at org.junit.vintage.engine.VintageTestEngine.executeAllChildren(VintageTestEngine.java:80)
	at org.junit.vintage.engine.VintageTestEngine.execute(VintageTestEngine.java:71)
	at org.junit.platform.launcher.core.DefaultLauncher.execute(DefaultLauncher.java:220)
	at org.junit.platform.launcher.core.DefaultLauncher.lambda$execute$6(DefaultLauncher.java:188)
	at org.junit.platform.launcher.core.DefaultLauncher.withInterceptedStreams(DefaultLauncher.java:202)
	at org.junit.platform.launcher.core.DefaultLauncher.execute(DefaultLauncher.java:181)
	at org.junit.platform.launcher.core.DefaultLauncher.execute(DefaultLauncher.java:128)
	at org.gradle.api.internal.tasks.testing.junitplatform.JUnitPlatformTestClassProcessor$CollectAllTestClassesExecutor.processAllTestClasses(JUnitPlatformTestClassProcessor.java:102)
	at org.gradle.api.internal.tasks.testing.junitplatform.JUnitPlatformTestClassProcessor$CollectAllTestClassesExecutor.access$000(JUnitPlatformTestClassProcessor.java:82)
	at org.gradle.api.internal.tasks.testing.junitplatform.JUnitPlatformTestClassProcessor.stop(JUnitPlatformTestClassProcessor.java:78)
	at org.gradle.api.internal.tasks.testing.SuiteTestClassProcessor.stop(SuiteTestClassProcessor.java:61)
	at sun.reflect.NativeMethodAccessorImpl.invoke0(Native Method)
	at sun.reflect.NativeMethodAccessorImpl.invoke(NativeMethodAccessorImpl.java:62)
	at sun.reflect.DelegatingMethodAccessorImpl.invoke(DelegatingMethodAccessorImpl.java:43)
	at java.lang.reflect.Method.invoke(Method.java:498)
	at org.gradle.internal.dispatch.ReflectionDispatch.dispatch(ReflectionDispatch.java:36)
	at org.gradle.internal.dispatch.ReflectionDispatch.dispatch(ReflectionDispatch.java:24)
	at org.gradle.internal.dispatch.ContextClassLoaderDispatch.dispatch(ContextClassLoaderDispatch.java:33)
	at org.gradle.internal.dispatch.ProxyDispatchAdapter$DispatchingInvocationHandler.invoke(ProxyDispatchAdapter.java:94)
	at com.sun.proxy.$Proxy2.stop(Unknown Source)
	at org.gradle.api.internal.tasks.testing.worker.TestWorker.stop(TestWorker.java:132)
	at sun.reflect.NativeMethodAccessorImpl.invoke0(Native Method)
	at sun.reflect.NativeMethodAccessorImpl.invoke(NativeMethodAccessorImpl.java:62)
	at sun.reflect.DelegatingMethodAccessorImpl.invoke(DelegatingMethodAccessorImpl.java:43)
	at java.lang.reflect.Method.invoke(Method.java:498)
	at org.gradle.internal.dispatch.ReflectionDispatch.dispatch(ReflectionDispatch.java:36)
	at org.gradle.internal.dispatch.ReflectionDispatch.dispatch(ReflectionDispatch.java:24)
	at org.gradle.internal.remote.internal.hub.MessageHubBackedObjectConnection$DispatchWrapper.dispatch(MessageHubBackedObjectConnection.java:182)
	at org.gradle.internal.remote.internal.hub.MessageHubBackedObjectConnection$DispatchWrapper.dispatch(MessageHubBackedObjectConnection.java:164)
	at org.gradle.internal.remote.internal.hub.MessageHub$Handler.run(MessageHub.java:412)
	at org.gradle.internal.concurrent.ExecutorPolicy$CatchAndRecordFailures.onExecute(ExecutorPolicy.java:64)
	at org.gradle.internal.concurrent.ManagedExecutorImpl$1.run(ManagedExecutorImpl.java:48)
	at java.util.concurrent.ThreadPoolExecutor.runWorker(ThreadPoolExecutor.java:1149)
	at java.util.concurrent.ThreadPoolExecutor$Worker.run(ThreadPoolExecutor.java:624)
	at org.gradle.internal.concurrent.ThreadFactoryImpl$ManagedThreadRunnable.run(ThreadFactoryImpl.java:56)
	at java.lang.Thread.run(Thread.java:748)
</failure>
  </testcase>
  <testcase name="Move one tile" classname="ca.mcgill.ecse223.quoridor.features.CucumberTestsRunner" time="0.004">
    <failure message="org.opentest4j.MultipleFailuresError: Multiple Failures (8 failures)&#13;&#10;&#9;java.lang.UnsupportedOperationException: QuoridorController.completePlayerturn(player) is not currently implemented!&#13;&#10;&#9;io.cucumber.junit.UndefinedThrowable: The step &quot;The player is located at 3:3&quot; is undefined&#13;&#10;&#9;io.cucumber.junit.UndefinedThrowable: The step &quot;There are no &quot;horizontal&quot; walls &quot;up&quot; from the player&quot; is undefined&#13;&#10;&#9;io.cucumber.junit.UndefinedThrowable: The step &quot;The opponent is not &quot;up&quot; from the player&quot; is undefined&#13;&#10;&#9;io.cucumber.junit.UndefinedThrowable: The step &quot;Player &quot;white&quot; initiates to move &quot;up&quot;&quot; is undefined&#13;&#10;&#9;io.cucumber.junit.UndefinedThrowable: The step &quot;The move &quot;up&quot; shall be &quot;success&quot;&quot; is undefined&#13;&#10;&#9;io.cucumber.junit.UndefinedThrowable: The step &quot;Player's new position shall be 2:3&quot; is undefined&#13;&#10;&#9;io.cucumber.junit.UndefinedThrowable: The step &quot;The next player to move shall become &quot;black&quot;&quot; is undefined" type="org.opentest4j.MultipleFailuresError">org.opentest4j.MultipleFailuresError: Multiple Failures (8 failures)
	java.lang.UnsupportedOperationException: QuoridorController.completePlayerturn(player) is not currently implemented!
	io.cucumber.junit.UndefinedThrowable: The step &quot;The player is located at 3:3&quot; is undefined
	io.cucumber.junit.UndefinedThrowable: The step &quot;There are no &quot;horizontal&quot; walls &quot;up&quot; from the player&quot; is undefined
	io.cucumber.junit.UndefinedThrowable: The step &quot;The opponent is not &quot;up&quot; from the player&quot; is undefined
	io.cucumber.junit.UndefinedThrowable: The step &quot;Player &quot;white&quot; initiates to move &quot;up&quot;&quot; is undefined
	io.cucumber.junit.UndefinedThrowable: The step &quot;The move &quot;up&quot; shall be &quot;success&quot;&quot; is undefined
	io.cucumber.junit.UndefinedThrowable: The step &quot;Player's new position shall be 2:3&quot; is undefined
	io.cucumber.junit.UndefinedThrowable: The step &quot;The next player to move shall become &quot;black&quot;&quot; is undefined
	at org.junit.vintage.engine.execution.TestRun.getStoredResultOrSuccessful(TestRun.java:179)
	at org.junit.vintage.engine.execution.RunListenerAdapter.fireExecutionFinished(RunListenerAdapter.java:211)
	at org.junit.vintage.engine.execution.RunListenerAdapter.testFinished(RunListenerAdapter.java:177)
	at org.junit.vintage.engine.execution.RunListenerAdapter.testFinished(RunListenerAdapter.java:76)
	at org.junit.runner.notification.SynchronizedRunListener.testFinished(SynchronizedRunListener.java:56)
	at org.junit.runner.notification.RunNotifier$7.notifyListener(RunNotifier.java:190)
	at org.junit.runner.notification.RunNotifier$SafeNotifier.run(RunNotifier.java:72)
	at org.junit.runner.notification.RunNotifier.fireTestFinished(RunNotifier.java:187)
	at io.cucumber.junit.JUnitReporter$EachTestNotifier.fireTestFinished(JUnitReporter.java:253)
	at io.cucumber.junit.JUnitReporter.handleTestCaseResult(JUnitReporter.java:178)
	at io.cucumber.junit.JUnitReporter$4.receive(JUnitReporter.java:66)
	at io.cucumber.junit.JUnitReporter$4.receive(JUnitReporter.java:62)
	at cucumber.runner.AbstractEventPublisher.send(AbstractEventPublisher.java:45)
	at cucumber.runner.AbstractEventBus.send(AbstractEventBus.java:9)
	at cucumber.runner.ThreadLocalRunnerSupplier$LocalEventBus.send(ThreadLocalRunnerSupplier.java:60)
	at cucumber.runner.TestCase.run(TestCase.java:55)
	at cucumber.runner.Runner.runPickle(Runner.java:50)
	at io.cucumber.junit.PickleRunners$NoStepDescriptions.run(PickleRunners.java:146)
	at io.cucumber.junit.FeatureRunner.runChild(FeatureRunner.java:68)
	at io.cucumber.junit.FeatureRunner.runChild(FeatureRunner.java:23)
	at org.junit.runners.ParentRunner$3.run(ParentRunner.java:290)
	at org.junit.runners.ParentRunner$1.schedule(ParentRunner.java:71)
	at org.junit.runners.ParentRunner.runChildren(ParentRunner.java:288)
	at org.junit.runners.ParentRunner.access$000(ParentRunner.java:58)
	at org.junit.runners.ParentRunner$2.evaluate(ParentRunner.java:268)
	at org.junit.runners.ParentRunner.run(ParentRunner.java:363)
	at io.cucumber.junit.Cucumber.runChild(Cucumber.java:144)
	at io.cucumber.junit.Cucumber.runChild(Cucumber.java:65)
	at org.junit.runners.ParentRunner$3.run(ParentRunner.java:290)
	at org.junit.runners.ParentRunner$1.schedule(ParentRunner.java:71)
	at org.junit.runners.ParentRunner.runChildren(ParentRunner.java:288)
	at org.junit.runners.ParentRunner.access$000(ParentRunner.java:58)
	at org.junit.runners.ParentRunner$2.evaluate(ParentRunner.java:268)
	at io.cucumber.junit.Cucumber$RunCucumber.evaluate(Cucumber.java:174)
	at org.junit.runners.ParentRunner.run(ParentRunner.java:363)
	at org.junit.runner.JUnitCore.run(JUnitCore.java:137)
	at org.junit.runner.JUnitCore.run(JUnitCore.java:115)
	at org.junit.vintage.engine.execution.RunnerExecutor.execute(RunnerExecutor.java:40)
	at java.util.stream.ForEachOps$ForEachOp$OfRef.accept(ForEachOps.java:184)
	at java.util.stream.ReferencePipeline$3$1.accept(ReferencePipeline.java:193)
	at java.util.Iterator.forEachRemaining(Iterator.java:116)
	at java.util.Spliterators$IteratorSpliterator.forEachRemaining(Spliterators.java:1801)
	at java.util.stream.AbstractPipeline.copyInto(AbstractPipeline.java:481)
	at java.util.stream.AbstractPipeline.wrapAndCopyInto(AbstractPipeline.java:471)
	at java.util.stream.ForEachOps$ForEachOp.evaluateSequential(ForEachOps.java:151)
	at java.util.stream.ForEachOps$ForEachOp$OfRef.evaluateSequential(ForEachOps.java:174)
	at java.util.stream.AbstractPipeline.evaluate(AbstractPipeline.java:234)
	at java.util.stream.ReferencePipeline.forEach(ReferencePipeline.java:418)
	at org.junit.vintage.engine.VintageTestEngine.executeAllChildren(VintageTestEngine.java:80)
	at org.junit.vintage.engine.VintageTestEngine.execute(VintageTestEngine.java:71)
	at org.junit.platform.launcher.core.DefaultLauncher.execute(DefaultLauncher.java:220)
	at org.junit.platform.launcher.core.DefaultLauncher.lambda$execute$6(DefaultLauncher.java:188)
	at org.junit.platform.launcher.core.DefaultLauncher.withInterceptedStreams(DefaultLauncher.java:202)
	at org.junit.platform.launcher.core.DefaultLauncher.execute(DefaultLauncher.java:181)
	at org.junit.platform.launcher.core.DefaultLauncher.execute(DefaultLauncher.java:128)
	at org.gradle.api.internal.tasks.testing.junitplatform.JUnitPlatformTestClassProcessor$CollectAllTestClassesExecutor.processAllTestClasses(JUnitPlatformTestClassProcessor.java:102)
	at org.gradle.api.internal.tasks.testing.junitplatform.JUnitPlatformTestClassProcessor$CollectAllTestClassesExecutor.access$000(JUnitPlatformTestClassProcessor.java:82)
	at org.gradle.api.internal.tasks.testing.junitplatform.JUnitPlatformTestClassProcessor.stop(JUnitPlatformTestClassProcessor.java:78)
	at org.gradle.api.internal.tasks.testing.SuiteTestClassProcessor.stop(SuiteTestClassProcessor.java:61)
	at sun.reflect.NativeMethodAccessorImpl.invoke0(Native Method)
	at sun.reflect.NativeMethodAccessorImpl.invoke(NativeMethodAccessorImpl.java:62)
	at sun.reflect.DelegatingMethodAccessorImpl.invoke(DelegatingMethodAccessorImpl.java:43)
	at java.lang.reflect.Method.invoke(Method.java:498)
	at org.gradle.internal.dispatch.ReflectionDispatch.dispatch(ReflectionDispatch.java:36)
	at org.gradle.internal.dispatch.ReflectionDispatch.dispatch(ReflectionDispatch.java:24)
	at org.gradle.internal.dispatch.ContextClassLoaderDispatch.dispatch(ContextClassLoaderDispatch.java:33)
	at org.gradle.internal.dispatch.ProxyDispatchAdapter$DispatchingInvocationHandler.invoke(ProxyDispatchAdapter.java:94)
	at com.sun.proxy.$Proxy2.stop(Unknown Source)
	at org.gradle.api.internal.tasks.testing.worker.TestWorker.stop(TestWorker.java:132)
	at sun.reflect.NativeMethodAccessorImpl.invoke0(Native Method)
	at sun.reflect.NativeMethodAccessorImpl.invoke(NativeMethodAccessorImpl.java:62)
	at sun.reflect.DelegatingMethodAccessorImpl.invoke(DelegatingMethodAccessorImpl.java:43)
	at java.lang.reflect.Method.invoke(Method.java:498)
	at org.gradle.internal.dispatch.ReflectionDispatch.dispatch(ReflectionDispatch.java:36)
	at org.gradle.internal.dispatch.ReflectionDispatch.dispatch(ReflectionDispatch.java:24)
	at org.gradle.internal.remote.internal.hub.MessageHubBackedObjectConnection$DispatchWrapper.dispatch(MessageHubBackedObjectConnection.java:182)
	at org.gradle.internal.remote.internal.hub.MessageHubBackedObjectConnection$DispatchWrapper.dispatch(MessageHubBackedObjectConnection.java:164)
	at org.gradle.internal.remote.internal.hub.MessageHub$Handler.run(MessageHub.java:412)
	at org.gradle.internal.concurrent.ExecutorPolicy$CatchAndRecordFailures.onExecute(ExecutorPolicy.java:64)
	at org.gradle.internal.concurrent.ManagedExecutorImpl$1.run(ManagedExecutorImpl.java:48)
	at java.util.concurrent.ThreadPoolExecutor.runWorker(ThreadPoolExecutor.java:1149)
	at java.util.concurrent.ThreadPoolExecutor$Worker.run(ThreadPoolExecutor.java:624)
	at org.gradle.internal.concurrent.ThreadFactoryImpl$ManagedThreadRunnable.run(ThreadFactoryImpl.java:56)
	at java.lang.Thread.run(Thread.java:748)
</failure>
  </testcase>
  <testcase name="Move one tile" classname="ca.mcgill.ecse223.quoridor.features.CucumberTestsRunner" time="0.003">
    <failure message="org.opentest4j.MultipleFailuresError: Multiple Failures (8 failures)&#13;&#10;&#9;java.lang.UnsupportedOperationException: QuoridorController.completePlayerturn(player) is not currently implemented!&#13;&#10;&#9;io.cucumber.junit.UndefinedThrowable: The step &quot;The player is located at 1:3&quot; is undefined&#13;&#10;&#9;io.cucumber.junit.UndefinedThrowable: The step &quot;There are no &quot;horizontal&quot; walls &quot;up&quot; from the player&quot; is undefined&#13;&#10;&#9;io.cucumber.junit.UndefinedThrowable: The step &quot;The opponent is not &quot;up&quot; from the player&quot; is undefined&#13;&#10;&#9;io.cucumber.junit.UndefinedThrowable: The step &quot;Player &quot;white&quot; initiates to move &quot;up&quot;&quot; is undefined&#13;&#10;&#9;io.cucumber.junit.UndefinedThrowable: The step &quot;The move &quot;up&quot; shall be &quot;illegal&quot;&quot; is undefined&#13;&#10;&#9;io.cucumber.junit.UndefinedThrowable: The step &quot;Player's new position shall be 1:3&quot; is undefined&#13;&#10;&#9;io.cucumber.junit.UndefinedThrowable: The step &quot;The next player to move shall become &quot;white&quot;&quot; is undefined" type="org.opentest4j.MultipleFailuresError">org.opentest4j.MultipleFailuresError: Multiple Failures (8 failures)
	java.lang.UnsupportedOperationException: QuoridorController.completePlayerturn(player) is not currently implemented!
	io.cucumber.junit.UndefinedThrowable: The step &quot;The player is located at 1:3&quot; is undefined
	io.cucumber.junit.UndefinedThrowable: The step &quot;There are no &quot;horizontal&quot; walls &quot;up&quot; from the player&quot; is undefined
	io.cucumber.junit.UndefinedThrowable: The step &quot;The opponent is not &quot;up&quot; from the player&quot; is undefined
	io.cucumber.junit.UndefinedThrowable: The step &quot;Player &quot;white&quot; initiates to move &quot;up&quot;&quot; is undefined
	io.cucumber.junit.UndefinedThrowable: The step &quot;The move &quot;up&quot; shall be &quot;illegal&quot;&quot; is undefined
	io.cucumber.junit.UndefinedThrowable: The step &quot;Player's new position shall be 1:3&quot; is undefined
	io.cucumber.junit.UndefinedThrowable: The step &quot;The next player to move shall become &quot;white&quot;&quot; is undefined
	at org.junit.vintage.engine.execution.TestRun.getStoredResultOrSuccessful(TestRun.java:179)
	at org.junit.vintage.engine.execution.RunListenerAdapter.fireExecutionFinished(RunListenerAdapter.java:211)
	at org.junit.vintage.engine.execution.RunListenerAdapter.testFinished(RunListenerAdapter.java:177)
	at org.junit.vintage.engine.execution.RunListenerAdapter.testFinished(RunListenerAdapter.java:76)
	at org.junit.runner.notification.SynchronizedRunListener.testFinished(SynchronizedRunListener.java:56)
	at org.junit.runner.notification.RunNotifier$7.notifyListener(RunNotifier.java:190)
	at org.junit.runner.notification.RunNotifier$SafeNotifier.run(RunNotifier.java:72)
	at org.junit.runner.notification.RunNotifier.fireTestFinished(RunNotifier.java:187)
	at io.cucumber.junit.JUnitReporter$EachTestNotifier.fireTestFinished(JUnitReporter.java:253)
	at io.cucumber.junit.JUnitReporter.handleTestCaseResult(JUnitReporter.java:178)
	at io.cucumber.junit.JUnitReporter$4.receive(JUnitReporter.java:66)
	at io.cucumber.junit.JUnitReporter$4.receive(JUnitReporter.java:62)
	at cucumber.runner.AbstractEventPublisher.send(AbstractEventPublisher.java:45)
	at cucumber.runner.AbstractEventBus.send(AbstractEventBus.java:9)
	at cucumber.runner.ThreadLocalRunnerSupplier$LocalEventBus.send(ThreadLocalRunnerSupplier.java:60)
	at cucumber.runner.TestCase.run(TestCase.java:55)
	at cucumber.runner.Runner.runPickle(Runner.java:50)
	at io.cucumber.junit.PickleRunners$NoStepDescriptions.run(PickleRunners.java:146)
	at io.cucumber.junit.FeatureRunner.runChild(FeatureRunner.java:68)
	at io.cucumber.junit.FeatureRunner.runChild(FeatureRunner.java:23)
	at org.junit.runners.ParentRunner$3.run(ParentRunner.java:290)
	at org.junit.runners.ParentRunner$1.schedule(ParentRunner.java:71)
	at org.junit.runners.ParentRunner.runChildren(ParentRunner.java:288)
	at org.junit.runners.ParentRunner.access$000(ParentRunner.java:58)
	at org.junit.runners.ParentRunner$2.evaluate(ParentRunner.java:268)
	at org.junit.runners.ParentRunner.run(ParentRunner.java:363)
	at io.cucumber.junit.Cucumber.runChild(Cucumber.java:144)
	at io.cucumber.junit.Cucumber.runChild(Cucumber.java:65)
	at org.junit.runners.ParentRunner$3.run(ParentRunner.java:290)
	at org.junit.runners.ParentRunner$1.schedule(ParentRunner.java:71)
	at org.junit.runners.ParentRunner.runChildren(ParentRunner.java:288)
	at org.junit.runners.ParentRunner.access$000(ParentRunner.java:58)
	at org.junit.runners.ParentRunner$2.evaluate(ParentRunner.java:268)
	at io.cucumber.junit.Cucumber$RunCucumber.evaluate(Cucumber.java:174)
	at org.junit.runners.ParentRunner.run(ParentRunner.java:363)
	at org.junit.runner.JUnitCore.run(JUnitCore.java:137)
	at org.junit.runner.JUnitCore.run(JUnitCore.java:115)
	at org.junit.vintage.engine.execution.RunnerExecutor.execute(RunnerExecutor.java:40)
	at java.util.stream.ForEachOps$ForEachOp$OfRef.accept(ForEachOps.java:184)
	at java.util.stream.ReferencePipeline$3$1.accept(ReferencePipeline.java:193)
	at java.util.Iterator.forEachRemaining(Iterator.java:116)
	at java.util.Spliterators$IteratorSpliterator.forEachRemaining(Spliterators.java:1801)
	at java.util.stream.AbstractPipeline.copyInto(AbstractPipeline.java:481)
	at java.util.stream.AbstractPipeline.wrapAndCopyInto(AbstractPipeline.java:471)
	at java.util.stream.ForEachOps$ForEachOp.evaluateSequential(ForEachOps.java:151)
	at java.util.stream.ForEachOps$ForEachOp$OfRef.evaluateSequential(ForEachOps.java:174)
	at java.util.stream.AbstractPipeline.evaluate(AbstractPipeline.java:234)
	at java.util.stream.ReferencePipeline.forEach(ReferencePipeline.java:418)
	at org.junit.vintage.engine.VintageTestEngine.executeAllChildren(VintageTestEngine.java:80)
	at org.junit.vintage.engine.VintageTestEngine.execute(VintageTestEngine.java:71)
	at org.junit.platform.launcher.core.DefaultLauncher.execute(DefaultLauncher.java:220)
	at org.junit.platform.launcher.core.DefaultLauncher.lambda$execute$6(DefaultLauncher.java:188)
	at org.junit.platform.launcher.core.DefaultLauncher.withInterceptedStreams(DefaultLauncher.java:202)
	at org.junit.platform.launcher.core.DefaultLauncher.execute(DefaultLauncher.java:181)
	at org.junit.platform.launcher.core.DefaultLauncher.execute(DefaultLauncher.java:128)
	at org.gradle.api.internal.tasks.testing.junitplatform.JUnitPlatformTestClassProcessor$CollectAllTestClassesExecutor.processAllTestClasses(JUnitPlatformTestClassProcessor.java:102)
	at org.gradle.api.internal.tasks.testing.junitplatform.JUnitPlatformTestClassProcessor$CollectAllTestClassesExecutor.access$000(JUnitPlatformTestClassProcessor.java:82)
	at org.gradle.api.internal.tasks.testing.junitplatform.JUnitPlatformTestClassProcessor.stop(JUnitPlatformTestClassProcessor.java:78)
	at org.gradle.api.internal.tasks.testing.SuiteTestClassProcessor.stop(SuiteTestClassProcessor.java:61)
	at sun.reflect.NativeMethodAccessorImpl.invoke0(Native Method)
	at sun.reflect.NativeMethodAccessorImpl.invoke(NativeMethodAccessorImpl.java:62)
	at sun.reflect.DelegatingMethodAccessorImpl.invoke(DelegatingMethodAccessorImpl.java:43)
	at java.lang.reflect.Method.invoke(Method.java:498)
	at org.gradle.internal.dispatch.ReflectionDispatch.dispatch(ReflectionDispatch.java:36)
	at org.gradle.internal.dispatch.ReflectionDispatch.dispatch(ReflectionDispatch.java:24)
	at org.gradle.internal.dispatch.ContextClassLoaderDispatch.dispatch(ContextClassLoaderDispatch.java:33)
	at org.gradle.internal.dispatch.ProxyDispatchAdapter$DispatchingInvocationHandler.invoke(ProxyDispatchAdapter.java:94)
	at com.sun.proxy.$Proxy2.stop(Unknown Source)
	at org.gradle.api.internal.tasks.testing.worker.TestWorker.stop(TestWorker.java:132)
	at sun.reflect.NativeMethodAccessorImpl.invoke0(Native Method)
	at sun.reflect.NativeMethodAccessorImpl.invoke(NativeMethodAccessorImpl.java:62)
	at sun.reflect.DelegatingMethodAccessorImpl.invoke(DelegatingMethodAccessorImpl.java:43)
	at java.lang.reflect.Method.invoke(Method.java:498)
	at org.gradle.internal.dispatch.ReflectionDispatch.dispatch(ReflectionDispatch.java:36)
	at org.gradle.internal.dispatch.ReflectionDispatch.dispatch(ReflectionDispatch.java:24)
	at org.gradle.internal.remote.internal.hub.MessageHubBackedObjectConnection$DispatchWrapper.dispatch(MessageHubBackedObjectConnection.java:182)
	at org.gradle.internal.remote.internal.hub.MessageHubBackedObjectConnection$DispatchWrapper.dispatch(MessageHubBackedObjectConnection.java:164)
	at org.gradle.internal.remote.internal.hub.MessageHub$Handler.run(MessageHub.java:412)
	at org.gradle.internal.concurrent.ExecutorPolicy$CatchAndRecordFailures.onExecute(ExecutorPolicy.java:64)
	at org.gradle.internal.concurrent.ManagedExecutorImpl$1.run(ManagedExecutorImpl.java:48)
	at java.util.concurrent.ThreadPoolExecutor.runWorker(ThreadPoolExecutor.java:1149)
	at java.util.concurrent.ThreadPoolExecutor$Worker.run(ThreadPoolExecutor.java:624)
	at org.gradle.internal.concurrent.ThreadFactoryImpl$ManagedThreadRunnable.run(ThreadFactoryImpl.java:56)
	at java.lang.Thread.run(Thread.java:748)
</failure>
  </testcase>
  <testcase name="Move one tile" classname="ca.mcgill.ecse223.quoridor.features.CucumberTestsRunner" time="0.003">
    <failure message="org.opentest4j.MultipleFailuresError: Multiple Failures (8 failures)&#13;&#10;&#9;java.lang.UnsupportedOperationException: QuoridorController.completePlayerturn(player) is not currently implemented!&#13;&#10;&#9;io.cucumber.junit.UndefinedThrowable: The step &quot;The player is located at 6:6&quot; is undefined&#13;&#10;&#9;io.cucumber.junit.UndefinedThrowable: The step &quot;There are no &quot;horizontal&quot; walls &quot;down&quot; from the player&quot; is undefined&#13;&#10;&#9;io.cucumber.junit.UndefinedThrowable: The step &quot;The opponent is not &quot;down&quot; from the player&quot; is undefined&#13;&#10;&#9;io.cucumber.junit.UndefinedThrowable: The step &quot;Player &quot;white&quot; initiates to move &quot;down&quot;&quot; is undefined&#13;&#10;&#9;io.cucumber.junit.UndefinedThrowable: The step &quot;The move &quot;down&quot; shall be &quot;success&quot;&quot; is undefined&#13;&#10;&#9;io.cucumber.junit.UndefinedThrowable: The step &quot;Player's new position shall be 7:6&quot; is undefined&#13;&#10;&#9;io.cucumber.junit.UndefinedThrowable: The step &quot;The next player to move shall become &quot;black&quot;&quot; is undefined" type="org.opentest4j.MultipleFailuresError">org.opentest4j.MultipleFailuresError: Multiple Failures (8 failures)
	java.lang.UnsupportedOperationException: QuoridorController.completePlayerturn(player) is not currently implemented!
	io.cucumber.junit.UndefinedThrowable: The step &quot;The player is located at 6:6&quot; is undefined
	io.cucumber.junit.UndefinedThrowable: The step &quot;There are no &quot;horizontal&quot; walls &quot;down&quot; from the player&quot; is undefined
	io.cucumber.junit.UndefinedThrowable: The step &quot;The opponent is not &quot;down&quot; from the player&quot; is undefined
	io.cucumber.junit.UndefinedThrowable: The step &quot;Player &quot;white&quot; initiates to move &quot;down&quot;&quot; is undefined
	io.cucumber.junit.UndefinedThrowable: The step &quot;The move &quot;down&quot; shall be &quot;success&quot;&quot; is undefined
	io.cucumber.junit.UndefinedThrowable: The step &quot;Player's new position shall be 7:6&quot; is undefined
	io.cucumber.junit.UndefinedThrowable: The step &quot;The next player to move shall become &quot;black&quot;&quot; is undefined
	at org.junit.vintage.engine.execution.TestRun.getStoredResultOrSuccessful(TestRun.java:179)
	at org.junit.vintage.engine.execution.RunListenerAdapter.fireExecutionFinished(RunListenerAdapter.java:211)
	at org.junit.vintage.engine.execution.RunListenerAdapter.testFinished(RunListenerAdapter.java:177)
	at org.junit.vintage.engine.execution.RunListenerAdapter.testFinished(RunListenerAdapter.java:76)
	at org.junit.runner.notification.SynchronizedRunListener.testFinished(SynchronizedRunListener.java:56)
	at org.junit.runner.notification.RunNotifier$7.notifyListener(RunNotifier.java:190)
	at org.junit.runner.notification.RunNotifier$SafeNotifier.run(RunNotifier.java:72)
	at org.junit.runner.notification.RunNotifier.fireTestFinished(RunNotifier.java:187)
	at io.cucumber.junit.JUnitReporter$EachTestNotifier.fireTestFinished(JUnitReporter.java:253)
	at io.cucumber.junit.JUnitReporter.handleTestCaseResult(JUnitReporter.java:178)
	at io.cucumber.junit.JUnitReporter$4.receive(JUnitReporter.java:66)
	at io.cucumber.junit.JUnitReporter$4.receive(JUnitReporter.java:62)
	at cucumber.runner.AbstractEventPublisher.send(AbstractEventPublisher.java:45)
	at cucumber.runner.AbstractEventBus.send(AbstractEventBus.java:9)
	at cucumber.runner.ThreadLocalRunnerSupplier$LocalEventBus.send(ThreadLocalRunnerSupplier.java:60)
	at cucumber.runner.TestCase.run(TestCase.java:55)
	at cucumber.runner.Runner.runPickle(Runner.java:50)
	at io.cucumber.junit.PickleRunners$NoStepDescriptions.run(PickleRunners.java:146)
	at io.cucumber.junit.FeatureRunner.runChild(FeatureRunner.java:68)
	at io.cucumber.junit.FeatureRunner.runChild(FeatureRunner.java:23)
	at org.junit.runners.ParentRunner$3.run(ParentRunner.java:290)
	at org.junit.runners.ParentRunner$1.schedule(ParentRunner.java:71)
	at org.junit.runners.ParentRunner.runChildren(ParentRunner.java:288)
	at org.junit.runners.ParentRunner.access$000(ParentRunner.java:58)
	at org.junit.runners.ParentRunner$2.evaluate(ParentRunner.java:268)
	at org.junit.runners.ParentRunner.run(ParentRunner.java:363)
	at io.cucumber.junit.Cucumber.runChild(Cucumber.java:144)
	at io.cucumber.junit.Cucumber.runChild(Cucumber.java:65)
	at org.junit.runners.ParentRunner$3.run(ParentRunner.java:290)
	at org.junit.runners.ParentRunner$1.schedule(ParentRunner.java:71)
	at org.junit.runners.ParentRunner.runChildren(ParentRunner.java:288)
	at org.junit.runners.ParentRunner.access$000(ParentRunner.java:58)
	at org.junit.runners.ParentRunner$2.evaluate(ParentRunner.java:268)
	at io.cucumber.junit.Cucumber$RunCucumber.evaluate(Cucumber.java:174)
	at org.junit.runners.ParentRunner.run(ParentRunner.java:363)
	at org.junit.runner.JUnitCore.run(JUnitCore.java:137)
	at org.junit.runner.JUnitCore.run(JUnitCore.java:115)
	at org.junit.vintage.engine.execution.RunnerExecutor.execute(RunnerExecutor.java:40)
	at java.util.stream.ForEachOps$ForEachOp$OfRef.accept(ForEachOps.java:184)
	at java.util.stream.ReferencePipeline$3$1.accept(ReferencePipeline.java:193)
	at java.util.Iterator.forEachRemaining(Iterator.java:116)
	at java.util.Spliterators$IteratorSpliterator.forEachRemaining(Spliterators.java:1801)
	at java.util.stream.AbstractPipeline.copyInto(AbstractPipeline.java:481)
	at java.util.stream.AbstractPipeline.wrapAndCopyInto(AbstractPipeline.java:471)
	at java.util.stream.ForEachOps$ForEachOp.evaluateSequential(ForEachOps.java:151)
	at java.util.stream.ForEachOps$ForEachOp$OfRef.evaluateSequential(ForEachOps.java:174)
	at java.util.stream.AbstractPipeline.evaluate(AbstractPipeline.java:234)
	at java.util.stream.ReferencePipeline.forEach(ReferencePipeline.java:418)
	at org.junit.vintage.engine.VintageTestEngine.executeAllChildren(VintageTestEngine.java:80)
	at org.junit.vintage.engine.VintageTestEngine.execute(VintageTestEngine.java:71)
	at org.junit.platform.launcher.core.DefaultLauncher.execute(DefaultLauncher.java:220)
	at org.junit.platform.launcher.core.DefaultLauncher.lambda$execute$6(DefaultLauncher.java:188)
	at org.junit.platform.launcher.core.DefaultLauncher.withInterceptedStreams(DefaultLauncher.java:202)
	at org.junit.platform.launcher.core.DefaultLauncher.execute(DefaultLauncher.java:181)
	at org.junit.platform.launcher.core.DefaultLauncher.execute(DefaultLauncher.java:128)
	at org.gradle.api.internal.tasks.testing.junitplatform.JUnitPlatformTestClassProcessor$CollectAllTestClassesExecutor.processAllTestClasses(JUnitPlatformTestClassProcessor.java:102)
	at org.gradle.api.internal.tasks.testing.junitplatform.JUnitPlatformTestClassProcessor$CollectAllTestClassesExecutor.access$000(JUnitPlatformTestClassProcessor.java:82)
	at org.gradle.api.internal.tasks.testing.junitplatform.JUnitPlatformTestClassProcessor.stop(JUnitPlatformTestClassProcessor.java:78)
	at org.gradle.api.internal.tasks.testing.SuiteTestClassProcessor.stop(SuiteTestClassProcessor.java:61)
	at sun.reflect.NativeMethodAccessorImpl.invoke0(Native Method)
	at sun.reflect.NativeMethodAccessorImpl.invoke(NativeMethodAccessorImpl.java:62)
	at sun.reflect.DelegatingMethodAccessorImpl.invoke(DelegatingMethodAccessorImpl.java:43)
	at java.lang.reflect.Method.invoke(Method.java:498)
	at org.gradle.internal.dispatch.ReflectionDispatch.dispatch(ReflectionDispatch.java:36)
	at org.gradle.internal.dispatch.ReflectionDispatch.dispatch(ReflectionDispatch.java:24)
	at org.gradle.internal.dispatch.ContextClassLoaderDispatch.dispatch(ContextClassLoaderDispatch.java:33)
	at org.gradle.internal.dispatch.ProxyDispatchAdapter$DispatchingInvocationHandler.invoke(ProxyDispatchAdapter.java:94)
	at com.sun.proxy.$Proxy2.stop(Unknown Source)
	at org.gradle.api.internal.tasks.testing.worker.TestWorker.stop(TestWorker.java:132)
	at sun.reflect.NativeMethodAccessorImpl.invoke0(Native Method)
	at sun.reflect.NativeMethodAccessorImpl.invoke(NativeMethodAccessorImpl.java:62)
	at sun.reflect.DelegatingMethodAccessorImpl.invoke(DelegatingMethodAccessorImpl.java:43)
	at java.lang.reflect.Method.invoke(Method.java:498)
	at org.gradle.internal.dispatch.ReflectionDispatch.dispatch(ReflectionDispatch.java:36)
	at org.gradle.internal.dispatch.ReflectionDispatch.dispatch(ReflectionDispatch.java:24)
	at org.gradle.internal.remote.internal.hub.MessageHubBackedObjectConnection$DispatchWrapper.dispatch(MessageHubBackedObjectConnection.java:182)
	at org.gradle.internal.remote.internal.hub.MessageHubBackedObjectConnection$DispatchWrapper.dispatch(MessageHubBackedObjectConnection.java:164)
	at org.gradle.internal.remote.internal.hub.MessageHub$Handler.run(MessageHub.java:412)
	at org.gradle.internal.concurrent.ExecutorPolicy$CatchAndRecordFailures.onExecute(ExecutorPolicy.java:64)
	at org.gradle.internal.concurrent.ManagedExecutorImpl$1.run(ManagedExecutorImpl.java:48)
	at java.util.concurrent.ThreadPoolExecutor.runWorker(ThreadPoolExecutor.java:1149)
	at java.util.concurrent.ThreadPoolExecutor$Worker.run(ThreadPoolExecutor.java:624)
	at org.gradle.internal.concurrent.ThreadFactoryImpl$ManagedThreadRunnable.run(ThreadFactoryImpl.java:56)
	at java.lang.Thread.run(Thread.java:748)
</failure>
  </testcase>
  <testcase name="Move one tile" classname="ca.mcgill.ecse223.quoridor.features.CucumberTestsRunner" time="0.004">
    <failure message="org.opentest4j.MultipleFailuresError: Multiple Failures (8 failures)&#13;&#10;&#9;java.lang.UnsupportedOperationException: QuoridorController.completePlayerturn(player) is not currently implemented!&#13;&#10;&#9;io.cucumber.junit.UndefinedThrowable: The step &quot;The player is located at 9:6&quot; is undefined&#13;&#10;&#9;io.cucumber.junit.UndefinedThrowable: The step &quot;There are no &quot;horizontal&quot; walls &quot;up&quot; from the player&quot; is undefined&#13;&#10;&#9;io.cucumber.junit.UndefinedThrowable: The step &quot;The opponent is not &quot;up&quot; from the player&quot; is undefined&#13;&#10;&#9;io.cucumber.junit.UndefinedThrowable: The step &quot;Player &quot;white&quot; initiates to move &quot;up&quot;&quot; is undefined&#13;&#10;&#9;io.cucumber.junit.UndefinedThrowable: The step &quot;The move &quot;up&quot; shall be &quot;illegal&quot;&quot; is undefined&#13;&#10;&#9;io.cucumber.junit.UndefinedThrowable: The step &quot;Player's new position shall be 9:6&quot; is undefined&#13;&#10;&#9;io.cucumber.junit.UndefinedThrowable: The step &quot;The next player to move shall become &quot;white&quot;&quot; is undefined" type="org.opentest4j.MultipleFailuresError">org.opentest4j.MultipleFailuresError: Multiple Failures (8 failures)
	java.lang.UnsupportedOperationException: QuoridorController.completePlayerturn(player) is not currently implemented!
	io.cucumber.junit.UndefinedThrowable: The step &quot;The player is located at 9:6&quot; is undefined
	io.cucumber.junit.UndefinedThrowable: The step &quot;There are no &quot;horizontal&quot; walls &quot;up&quot; from the player&quot; is undefined
	io.cucumber.junit.UndefinedThrowable: The step &quot;The opponent is not &quot;up&quot; from the player&quot; is undefined
	io.cucumber.junit.UndefinedThrowable: The step &quot;Player &quot;white&quot; initiates to move &quot;up&quot;&quot; is undefined
	io.cucumber.junit.UndefinedThrowable: The step &quot;The move &quot;up&quot; shall be &quot;illegal&quot;&quot; is undefined
	io.cucumber.junit.UndefinedThrowable: The step &quot;Player's new position shall be 9:6&quot; is undefined
	io.cucumber.junit.UndefinedThrowable: The step &quot;The next player to move shall become &quot;white&quot;&quot; is undefined
	at org.junit.vintage.engine.execution.TestRun.getStoredResultOrSuccessful(TestRun.java:179)
	at org.junit.vintage.engine.execution.RunListenerAdapter.fireExecutionFinished(RunListenerAdapter.java:211)
	at org.junit.vintage.engine.execution.RunListenerAdapter.testFinished(RunListenerAdapter.java:177)
	at org.junit.vintage.engine.execution.RunListenerAdapter.testFinished(RunListenerAdapter.java:76)
	at org.junit.runner.notification.SynchronizedRunListener.testFinished(SynchronizedRunListener.java:56)
	at org.junit.runner.notification.RunNotifier$7.notifyListener(RunNotifier.java:190)
	at org.junit.runner.notification.RunNotifier$SafeNotifier.run(RunNotifier.java:72)
	at org.junit.runner.notification.RunNotifier.fireTestFinished(RunNotifier.java:187)
	at io.cucumber.junit.JUnitReporter$EachTestNotifier.fireTestFinished(JUnitReporter.java:253)
	at io.cucumber.junit.JUnitReporter.handleTestCaseResult(JUnitReporter.java:178)
	at io.cucumber.junit.JUnitReporter$4.receive(JUnitReporter.java:66)
	at io.cucumber.junit.JUnitReporter$4.receive(JUnitReporter.java:62)
	at cucumber.runner.AbstractEventPublisher.send(AbstractEventPublisher.java:45)
	at cucumber.runner.AbstractEventBus.send(AbstractEventBus.java:9)
	at cucumber.runner.ThreadLocalRunnerSupplier$LocalEventBus.send(ThreadLocalRunnerSupplier.java:60)
	at cucumber.runner.TestCase.run(TestCase.java:55)
	at cucumber.runner.Runner.runPickle(Runner.java:50)
	at io.cucumber.junit.PickleRunners$NoStepDescriptions.run(PickleRunners.java:146)
	at io.cucumber.junit.FeatureRunner.runChild(FeatureRunner.java:68)
	at io.cucumber.junit.FeatureRunner.runChild(FeatureRunner.java:23)
	at org.junit.runners.ParentRunner$3.run(ParentRunner.java:290)
	at org.junit.runners.ParentRunner$1.schedule(ParentRunner.java:71)
	at org.junit.runners.ParentRunner.runChildren(ParentRunner.java:288)
	at org.junit.runners.ParentRunner.access$000(ParentRunner.java:58)
	at org.junit.runners.ParentRunner$2.evaluate(ParentRunner.java:268)
	at org.junit.runners.ParentRunner.run(ParentRunner.java:363)
[...]

  Scenario Outline: Validate pawn position                      ?[90m# src/test/resources/ca/mcgill/ecse223/quoridor/features/ValidatePosition.feature:22?[0m
    ?[32mGiven ?[0m?[32mA game position is supplied with pawn coordinate ?[0m?[32m?[1m10?[0m?[32m:?[0m?[32m?[1m5?[0m ?[90m# CucumberStepDefinitions.aGamePositionIsSuppliedWithPawnCoordinate(int,int)?[0m
    ?[31mWhen ?[0m?[31mValidation of the position is initiated?[0m                ?[90m# CucumberStepDefinitions.validationOfThePositionIsInitiated()?[0m
      ?[31mjava.lang.UnsupportedOperationException
	at ca.mcgill.ecse223.quoridor.controller.QuoridorController.validatePosition(QuoridorController.java:272)
	at ca.mcgill.ecse223.quoridor.features.CucumberStepDefinitions.validationOfThePositionIsInitiated(CucumberStepDefinitions.java:1080)
	at ?.Validation of the position is initiated(file:src/test/resources/ca/mcgill/ecse223/quoridor/features/ValidatePosition.feature:10)
?[0m
    ?[36mThen ?[0m?[36mThe position shall be ?[0m?[36m?[1m"error"?[0m                          ?[90m# CucumberStepDefinitions.thePositionShallBeResult(String)?[0m

  Background:                 ?[90m# src/test/resources/ca/mcgill/ecse223/quoridor/features/ValidatePosition.feature:5?[0m
    ?[32mGiven ?[0m?[32mThe game is running?[0m ?[90m# CucumberStepDefinitions.theGameIsRunning()?[0m

  Scenario Outline: Validate pawn position                      ?[90m# src/test/resources/ca/mcgill/ecse223/quoridor/features/ValidatePosition.feature:23?[0m
    ?[32mGiven ?[0m?[32mA game position is supplied with pawn coordinate ?[0m?[32m?[1m5?[0m?[32m:?[0m?[32m?[1m10?[0m ?[90m# CucumberStepDefinitions.aGamePositionIsSuppliedWithPawnCoordinate(int,int)?[0m
    ?[31mWhen ?[0m?[31mValidation of the position is initiated?[0m                ?[90m# CucumberStepDefinitions.validationOfThePositionIsInitiated()?[0m
      ?[31mjava.lang.UnsupportedOperationException
	at ca.mcgill.ecse223.quoridor.controller.QuoridorController.validatePosition(QuoridorController.java:272)
	at ca.mcgill.ecse223.quoridor.features.CucumberStepDefinitions.validationOfThePositionIsInitiated(CucumberStepDefinitions.java:1080)
	at ?.Validation of the position is initiated(file:src/test/resources/ca/mcgill/ecse223/quoridor/features/ValidatePosition.feature:10)
?[0m
    ?[36mThen ?[0m?[36mThe position shall be ?[0m?[36m?[1m"error"?[0m                          ?[90m# CucumberStepDefinitions.thePositionShallBeResult(String)?[0m

  Scenario Outline: Validate wall position ?[90m# src/test/resources/ca/mcgill/ecse223/quoridor/features/ValidatePosition.feature:25?[0m
    ?[36mGiven A game position is supplied with wall coordinate <row>:<col>-"<dir>"?[0m
    ?[36mWhen Validation of the position is initiated?[0m
    ?[36mThen The position shall be "<result>"?[0m

    Examples: 

  Background:                 ?[90m# src/test/resources/ca/mcgill/ecse223/quoridor/features/ValidatePosition.feature:5?[0m
    ?[32mGiven ?[0m?[32mThe game is running?[0m ?[90m# CucumberStepDefinitions.theGameIsRunning()?[0m

  Scenario Outline: Validate wall position                                  ?[90m# src/test/resources/ca/mcgill/ecse223/quoridor/features/ValidatePosition.feature:32?[0m
    ?[32mGiven ?[0m?[32mA game position is supplied with wall coordinate ?[0m?[32m?[1m1?[0m?[32m:?[0m?[32m?[1m1?[0m?[32m-?[0m?[32m?[1m"horizontal"?[0m ?[90m# CucumberStepDefinitions.aGamePositionIsSuppliedWithWallCoordinate(int,int,String)?[0m
    ?[31mWhen ?[0m?[31mValidation of the position is initiated?[0m                            ?[90m# CucumberStepDefinitions.validationOfThePositionIsInitiated()?[0m
      ?[31mjava.lang.UnsupportedOperationException
	at ca.mcgill.ecse223.quoridor.controller.QuoridorController.validatePosition(QuoridorController.java:283)
	at ca.mcgill.ecse223.quoridor.features.CucumberStepDefinitions.validationOfThePositionIsInitiated(CucumberStepDefinitions.java:1082)
	at ?.Validation of the position is initiated(file:src/test/resources/ca/mcgill/ecse223/quoridor/features/ValidatePosition.feature:27)
?[0m
    ?[36mThen ?[0m?[36mThe position shall be ?[0m?[36m?[1m"ok"?[0m                                         ?[90m# CucumberStepDefinitions.thePositionShallBeResult(String)?[0m

  Background:                 ?[90m# src/test/resources/ca/mcgill/ecse223/quoridor/features/ValidatePosition.feature:5?[0m
    ?[32mGiven ?[0m?[32mThe game is running?[0m ?[90m# CucumberStepDefinitions.theGameIsRunning()?[0m

  Scenario Outline: Validate wall position                                ?[90m# src/test/resources/ca/mcgill/ecse223/quoridor/features/ValidatePosition.feature:33?[0m
    ?[32mGiven ?[0m?[32mA game position is supplied with wall coordinate ?[0m?[32m?[1m8?[0m?[32m:?[0m?[32m?[1m8?[0m?[32m-?[0m?[32m?[1m"vertical"?[0m ?[90m# CucumberStepDefinitions.aGamePositionIsSuppliedWithWallCoordinate(int,int,String)?[0m
    ?[31mWhen ?[0m?[31mValidation of the position is initiated?[0m                          ?[90m# CucumberStepDefinitions.validationOfThePositionIsInitiated()?[0m
      ?[31mjava.lang.UnsupportedOperationException
	at ca.mcgill.ecse223.quoridor.controller.QuoridorController.validatePosition(QuoridorController.java:283)
	at ca.mcgill.ecse223.quoridor.features.CucumberStepDefinitions.validationOfThePositionIsInitiated(CucumberStepDefinitions.java:1082)
	at ?.Validation of the position is initiated(file:src/test/resources/ca/mcgill/ecse223/quoridor/features/ValidatePosition.feature:27)
?[0m
    ?[36mThen ?[0m?[36mThe position shall be ?[0m?[36m?[1m"ok"?[0m                                       ?[90m# CucumberStepDefinitions.thePositionShallBeResult(String)?[0m

  Background:                 ?[90m# src/test/resources/ca/mcgill/ecse223/quoridor/features/ValidatePosition.feature:5?[0m
    ?[32mGiven ?[0m?[32mThe game is running?[0m ?[90m# CucumberStepDefinitions.theGameIsRunning()?[0m

  Scenario Outline: Validate wall position                                  ?[90m# src/test/resources/ca/mcgill/ecse223/quoridor/features/ValidatePosition.feature:34?[0m
    ?[32mGiven ?[0m?[32mA game position is supplied with wall coordinate ?[0m?[32m?[1m4?[0m?[32m:?[0m?[32m?[1m2?[0m?[32m-?[0m?[32m?[1m"horizontal"?[0m ?[90m# CucumberStepDefinitions.aGamePositionIsSuppliedWithWallCoordinate(int,int,String)?[0m
    ?[31mWhen ?[0m?[31mValidation of the position is initiated?[0m                            ?[90m# CucumberStepDefinitions.validationOfThePositionIsInitiated()?[0m
      ?[31mjava.lang.UnsupportedOperationException
	at ca.mcgill.ecse223.quoridor.controller.QuoridorController.validatePosition(QuoridorController.java:283)
	at ca.mcgill.ecse223.quoridor.features.CucumberStepDefinitions.validationOfThePositionIsInitiated(CucumberStepDefinitions.java:1082)
	at ?.Validation of the position is initiated(file:src/test/resources/ca/mcgill/ecse223/quoridor/features/ValidatePosition.feature:27)
?[0m
    ?[36mThen ?[0m?[36mThe position shall be ?[0m?[36m?[1m"ok"?[0m                                         ?[90m# CucumberStepDefinitions.thePositionShallBeResult(String)?[0m

  Background:                 ?[90m# src/test/resources/ca/mcgill/ecse223/quoridor/features/ValidatePosition.feature:5?[0m
    ?[32mGiven ?[0m?[32mThe game is running?[0m ?[90m# CucumberStepDefinitions.theGameIsRunning()?[0m

  Scenario Outline: Validate wall position                                ?[90m# src/test/resources/ca/mcgill/ecse223/quoridor/features/ValidatePosition.feature:35?[0m
    ?[32mGiven ?[0m?[32mA game position is supplied with wall coordinate ?[0m?[32m?[1m0?[0m?[32m:?[0m?[32m?[1m3?[0m?[32m-?[0m?[32m?[1m"vertical"?[0m ?[90m# CucumberStepDefinitions.aGamePositionIsSuppliedWithWallCoordinate(int,int,String)?[0m
    ?[31mWhen ?[0m?[31mValidation of the position is initiated?[0m                          ?[90m# CucumberStepDefinitions.validationOfThePositionIsInitiated()?[0m
      ?[31mjava.lang.UnsupportedOperationException
	at ca.mcgill.ecse223.quoridor.controller.QuoridorController.validatePosition(QuoridorController.java:283)
	at ca.mcgill.ecse223.quoridor.features.CucumberStepDefinitions.validationOfThePositionIsInitiated(CucumberStepDefinitions.java:1082)
	at ?.Validation of the position is initiated(file:src/test/resources/ca/mcgill/ecse223/quoridor/features/ValidatePosition.feature:27)
?[0m
    ?[36mThen ?[0m?[36mThe position shall be ?[0m?[36m?[1m"error"?[0m                                    ?[90m# CucumberStepDefinitions.thePositionShallBeResult(String)?[0m

  Background:                 ?[90m# src/test/resources/ca/mcgill/ecse223/quoridor/features/ValidatePosition.feature:5?[0m
    ?[32mGiven ?[0m?[32mThe game is running?[0m ?[90m# CucumberStepDefinitions.theGameIsRunning()?[0m

  Scenario Outline: Validate wall position                                  ?[90m# src/test/resources/ca/mcgill/ecse223/quoridor/features/ValidatePosition.feature:36?[0m
    ?[32mGiven ?[0m?[32mA game position is supplied with wall coordinate ?[0m?[32m?[1m3?[0m?[32m:?[0m?[32m?[1m0?[0m?[32m-?[0m?[32m?[1m"horizontal"?[0m ?[90m# CucumberStepDefinitions.aGamePositionIsSuppliedWithWallCoordinate(int,int,String)?[0m
    ?[31mWhen ?[0m?[31mValidation of the position is initiated?[0m                            ?[90m# CucumberStepDefinitions.validationOfThePositionIsInitiated()?[0m
      ?[31mjava.lang.UnsupportedOperationException
	at ca.mcgill.ecse223.quoridor.controller.QuoridorController.validatePosition(QuoridorController.java:283)
	at ca.mcgill.ecse223.quoridor.features.CucumberStepDefinitions.validationOfThePositionIsInitiated(CucumberStepDefinitions.java:1082)
	at ?.Validation of the position is initiated(file:src/test/resources/ca/mcgill/ecse223/quoridor/features/ValidatePosition.feature:27)
?[0m
    ?[36mThen ?[0m?[36mThe position shall be ?[0m?[36m?[1m"error"?[0m                                      ?[90m# CucumberStepDefinitions.thePositionShallBeResult(String)?[0m

  Background:                 ?[90m# src/test/resources/ca/mcgill/ecse223/quoridor/features/ValidatePosition.feature:5?[0m
    ?[32mGiven ?[0m?[32mThe game is running?[0m ?[90m# CucumberStepDefinitions.theGameIsRunning()?[0m

  Scenario Outline: Validate wall position                                ?[90m# src/test/resources/ca/mcgill/ecse223/quoridor/features/ValidatePosition.feature:37?[0m
    ?[32mGiven ?[0m?[32mA game position is supplied with wall coordinate ?[0m?[32m?[1m9?[0m?[32m:?[0m?[32m?[1m5?[0m?[32m-?[0m?[32m?[1m"vertical"?[0m ?[90m# CucumberStepDefinitions.aGamePositionIsSuppliedWithWallCoordinate(int,int,String)?[0m
    ?[31mWhen ?[0m?[31mValidation of the position is initiated?[0m                          ?[90m# CucumberStepDefinitions.validationOfThePositionIsInitiated()?[0m
      ?[31mjava.lang.UnsupportedOperationException
	at ca.mcgill.ecse223.quoridor.controller.QuoridorController.validatePosition(QuoridorController.java:283)
	at ca.mcgill.ecse223.quoridor.features.CucumberStepDefinitions.validationOfThePositionIsInitiated(CucumberStepDefinitions.java:1082)
	at ?.Validation of the position is initiated(file:src/test/resources/ca/mcgill/ecse223/quoridor/features/ValidatePosition.feature:27)
?[0m
    ?[36mThen ?[0m?[36mThe position shall be ?[0m?[36m?[1m"error"?[0m                                    ?[90m# CucumberStepDefinitions.thePositionShallBeResult(String)?[0m

  Background:                 ?[90m# src/test/resources/ca/mcgill/ecse223/quoridor/features/ValidatePosition.feature:5?[0m
    ?[32mGiven ?[0m?[32mThe game is running?[0m ?[90m# CucumberStepDefinitions.theGameIsRunning()?[0m

  Scenario Outline: Validate wall position                                  ?[90m# src/test/resources/ca/mcgill/ecse223/quoridor/features/ValidatePosition.feature:38?[0m
    ?[32mGiven ?[0m?[32mA game position is supplied with wall coordinate ?[0m?[32m?[1m5?[0m?[32m:?[0m?[32m?[1m9?[0m?[32m-?[0m?[32m?[1m"horizontal"?[0m ?[90m# CucumberStepDefinitions.aGamePositionIsSuppliedWithWallCoordinate(int,int,String)?[0m
    ?[31mWhen ?[0m?[31mValidation of the position is initiated?[0m                            ?[90m# CucumberStepDefinitions.validationOfThePositionIsInitiated()?[0m
      ?[31mjava.lang.UnsupportedOperationException
	at ca.mcgill.ecse223.quoridor.controller.QuoridorController.validatePosition(QuoridorController.java:283)
	at ca.mcgill.ecse223.quoridor.features.CucumberStepDefinitions.validationOfThePositionIsInitiated(CucumberStepDefinitions.java:1082)
	at ?.Validation of the position is initiated(file:src/test/resources/ca/mcgill/ecse223/quoridor/features/ValidatePosition.feature:27)
?[0m
    ?[36mThen ?[0m?[36mThe position shall be ?[0m?[36m?[1m"error"?[0m                                      ?[90m# CucumberStepDefinitions.thePositionShallBeResult(String)?[0m

  Background:                 ?[90m# src/test/resources/ca/mcgill/ecse223/quoridor/features/ValidatePosition.feature:5?[0m
    ?[32mGiven ?[0m?[32mThe game is running?[0m ?[90m# CucumberStepDefinitions.theGameIsRunning()?[0m

  Scenario: Validate overlapping walls (all valid) ?[90m# src/test/resources/ca/mcgill/ecse223/quoridor/features/ValidatePosition.feature:40?[0m

    ?[32mGiven ?[0m?[32mThe following walls exist:?[0m               ?[90m# CucumberStepDefinitions.theFollowingWallsExist(DataTable)?[0m
    ?[31mWhen ?[0m?[31mValidation of the position is initiated?[0m   ?[90m# CucumberStepDefinitions.validationOfThePositionIsInitiated()?[0m
      ?[31mjava.lang.UnsupportedOperationException
	at ca.mcgill.ecse223.quoridor.controller.QuoridorController.validatePosition(QuoridorController.java:272)
	at ca.mcgill.ecse223.quoridor.features.CucumberStepDefinitions.validationOfThePositionIsInitiated(CucumberStepDefinitions.java:1080)
	at ?.Validation of the position is initiated(file:src/test/resources/ca/mcgill/ecse223/quoridor/features/ValidatePosition.feature:45)
?[0m
    ?[36mThen ?[0m?[36mThe position shall be valid?[0m               ?[90m# CucumberStepDefinitions.thePositionShallBeValid()?[0m

  Background:                 ?[90m# src/test/resources/ca/mcgill/ecse223/quoridor/features/ValidatePosition.feature:5?[0m
    ?[32mGiven ?[0m?[32mThe game is running?[0m ?[90m# CucumberStepDefinitions.theGameIsRunning()?[0m

  Scenario: Validate overlapping walls (invalid-1) ?[90m# src/test/resources/ca/mcgill/ecse223/quoridor/features/ValidatePosition.feature:48?[0m

    ?[32mGiven ?[0m?[32mThe following walls exist:?[0m               ?[90m# CucumberStepDefinitions.theFollowingWallsExist(DataTable)?[0m
    ?[31mWhen ?[0m?[31mValidation of the position is initiated?[0m   ?[90m# CucumberStepDefinitions.validationOfThePositionIsInitiated()?[0m
      ?[31mjava.lang.UnsupportedOperationException
	at ca.mcgill.ecse223.quoridor.controller.QuoridorController.validatePosition(QuoridorController.java:272)
	at ca.mcgill.ecse223.quoridor.features.CucumberStepDefinitions.validationOfThePositionIsInitiated(CucumberStepDefinitions.java:1080)
	at ?.Validation of the position is initiated(file:src/test/resources/ca/mcgill/ecse223/quoridor/features/ValidatePosition.feature:53)
?[0m
    ?[36mThen ?[0m?[36mThe position shall be invalid?[0m             ?[90m# CucumberStepDefinitions.thePositionShallBeInvalid()?[0m

  Background:                 ?[90m# src/test/resources/ca/mcgill/ecse223/quoridor/features/ValidatePosition.feature:5?[0m
    ?[32mGiven ?[0m?[32mThe game is running?[0m ?[90m# CucumberStepDefinitions.theGameIsRunning()?[0m

  Scenario: Validate overlapping walls (invalid-2) ?[90m# src/test/resources/ca/mcgill/ecse223/quoridor/features/ValidatePosition.feature:56?[0m

    ?[32mGiven ?[0m?[32mThe following walls exist:?[0m               ?[90m# CucumberStepDefinitions.theFollowingWallsExist(DataTable)?[0m
    ?[31mWhen ?[0m?[31mValidation of the position is initiated?[0m   ?[90m# CucumberStepDefinitions.validationOfThePositionIsInitiated()?[0m
      ?[31mjava.lang.UnsupportedOperationException
	at ca.mcgill.ecse223.quoridor.controller.QuoridorController.validatePosition(QuoridorController.java:272)
	at ca.mcgill.ecse223.quoridor.features.CucumberStepDefinitions.validationOfThePositionIsInitiated(CucumberStepDefinitions.java:1080)
	at ?.Validation of the position is initiated(file:src/test/resources/ca/mcgill/ecse223/quoridor/features/ValidatePosition.feature:61)
?[0m
    ?[36mThen ?[0m?[36mThe position shall be invalid?[0m             ?[90m# CucumberStepDefinitions.thePositionShallBeInvalid()?[0m

  Background:                 ?[90m# src/test/resources/ca/mcgill/ecse223/quoridor/features/ValidatePosition.feature:5?[0m
    ?[32mGiven ?[0m?[32mThe game is running?[0m ?[90m# CucumberStepDefinitions.theGameIsRunning()?[0m

  Scenario: Validate overlapping walls (invalid-3) ?[90m# src/test/resources/ca/mcgill/ecse223/quoridor/features/ValidatePosition.feature:64?[0m

    ?[32mGiven ?[0m?[32mThe following walls exist:?[0m               ?[90m# CucumberStepDefinitions.theFollowingWallsExist(DataTable)?[0m
    ?[31mWhen ?[0m?[31mValidation of the position is initiated?[0m   ?[90m# CucumberStepDefinitions.validationOfThePositionIsInitiated()?[0m
      ?[31mjava.lang.UnsupportedOperationException
	at ca.mcgill.ecse223.quoridor.controller.QuoridorController.validatePosition(QuoridorController.java:272)
	at ca.mcgill.ecse223.quoridor.features.CucumberStepDefinitions.validationOfThePositionIsInitiated(CucumberStepDefinitions.java:1080)
	at ?.Validation of the position is initiated(file:src/test/resources/ca/mcgill/ecse223/quoridor/features/ValidatePosition.feature:69)
?[0m
    ?[36mThen ?[0m?[36mThe position shall be invalid?[0m             ?[90m# CucumberStepDefinitions.thePositionShallBeInvalid()?[0m

There were undefined steps. You can implement missing steps with the snippets below:

@Given("The player is located at {int}:{int}")
public void the_player_is_located_at(Integer int1, Integer int2) {
    // Write code here that turns the phrase above into concrete actions
    throw new cucumber.api.PendingException();
}

@Given("There are no {string} walls {string} from the player")
public void there_are_no_walls_from_the_player(String string, String string2) {
    // Write code here that turns the phrase above into concrete actions
    throw new cucumber.api.PendingException();
}

@Given("The opponent is not {string} from the player")
public void the_opponent_is_not_from_the_player(String string) {
    // Write code here that turns the phrase above into concrete actions
    throw new cucumber.api.PendingException();
}

@When("Player {string} initiates to move {string}")
public void player_initiates_to_move(String string, String string2) {
    // Write code here that turns the phrase above into concrete actions
    throw new cucumber.api.PendingException();
}

@Then("The move {string} shall be {string}")
public void the_move_shall_be(String string, String string2) {
    // Write code here that turns the phrase above into concrete actions
    throw new cucumber.api.PendingException();
}

@Then("Player's new position shall be {int}:{int}")
public void player_s_new_position_shall_be(Integer int1, Integer int2) {
    // Write code here that turns the phrase above into concrete actions
    throw new cucumber.api.PendingException();
}

@Then("The next player to move shall become {string}")
public void the_next_player_to_move_shall_become(String string) {
    // Write code here that turns the phrase above into concrete actions
    throw new cucumber.api.PendingException();
}

@Given("There is a {string} wall {string} from the player")
public void there_is_a_wall_from_the_player(String string, String string2) {
    // Write code here that turns the phrase above into concrete actions
    throw new cucumber.api.PendingException();
}

@Given("My opponent is not {string} from the player")
public void my_opponent_is_not_from_the_player(String string) {
    // Write code here that turns the phrase above into concrete actions
    throw new cucumber.api.PendingException();
}

]]></system-out>
  <system-err><![CDATA[]]></system-err>
</testsuite>
